<?xml version="1.0" encoding="UTF-8"?>
<coverage generated="1593511087074" clover="3.2.0">
  <project timestamp="1593511087074" name="All files">
    <metrics statements="57" coveredstatements="36" conditionals="28" coveredconditionals="14" methods="12" coveredmethods="9" elements="97" coveredelements="59" complexity="0" loc="57" ncloc="57" packages="1" files="1" classes="1"/>
    <file name="rest.ts" path="F:\work2020\Shipping\ARS\src\controllers\rest.ts">
      <metrics statements="57" coveredstatements="36" conditionals="28" coveredconditionals="14" methods="12" coveredmethods="9"/>
      <line num="1" count="1" type="stmt"/>
      <line num="4" count="1" type="stmt"/>
      <line num="5" count="1" type="stmt"/>
      <line num="6" count="1" type="stmt"/>
      <line num="7" count="1" type="cond" truecount="1" falsecount="1"/>
      <line num="27" count="1" type="stmt"/>
      <line num="29" count="1" type="cond" truecount="1" falsecount="1"/>
      <line num="31" count="1" type="stmt"/>
      <line num="32" count="1" type="stmt"/>
      <line num="34" count="1" type="stmt"/>
      <line num="45" count="0" type="stmt"/>
      <line num="51" count="0" type="stmt"/>
      <line num="52" count="0" type="stmt"/>
      <line num="57" count="4" type="cond" truecount="1" falsecount="1"/>
      <line num="58" count="4" type="stmt"/>
      <line num="59" count="4" type="stmt"/>
      <line num="61" count="4" type="cond" truecount="4" falsecount="0"/>
      <line num="68" count="4" type="cond" truecount="2" falsecount="0"/>
      <line num="69" count="1" type="stmt"/>
      <line num="78" count="3" type="stmt"/>
      <line num="169" count="0" type="stmt"/>
      <line num="174" count="0" type="cond" truecount="0" falsecount="2"/>
      <line num="175" count="0" type="stmt"/>
      <line num="176" count="0" type="stmt"/>
      <line num="177" count="0" type="stmt"/>
      <line num="182" count="0" type="stmt"/>
      <line num="183" count="0" type="stmt"/>
      <line num="189" count="0" type="stmt"/>
      <line num="193" count="4" type="stmt"/>
      <line num="196" count="4" type="stmt"/>
      <line num="198" count="4" type="cond" truecount="1" falsecount="1"/>
      <line num="199" count="4" type="stmt"/>
      <line num="200" count="4" type="stmt"/>
      <line num="202" count="4" type="cond" truecount="4" falsecount="0"/>
      <line num="203" count="1" type="stmt"/>
      <line num="204" count="1" type="stmt"/>
      <line num="205" count="1" type="stmt"/>
      <line num="207" count="3" type="stmt"/>
      <line num="208" count="3" type="stmt"/>
      <line num="209" count="3" type="stmt"/>
      <line num="213" count="4" type="stmt"/>
      <line num="217" count="0" type="stmt"/>
      <line num="227" count="0" type="cond" truecount="0" falsecount="2"/>
      <line num="228" count="0" type="stmt"/>
      <line num="229" count="0" type="stmt"/>
      <line num="230" count="0" type="stmt"/>
      <line num="236" count="0" type="stmt"/>
      <line num="240" count="0" type="cond" truecount="0" falsecount="2"/>
      <line num="241" count="0" type="stmt"/>
      <line num="243" count="0" type="stmt"/>
      <line num="249" count="0" type="stmt"/>
      <line num="253" count="1" type="stmt"/>
      <line num="254" count="1" type="stmt"/>
      <line num="255" count="1" type="stmt"/>
      <line num="256" count="1" type="stmt"/>
      <line num="257" count="1" type="stmt"/>
      <line num="258" count="1" type="stmt"/>
    </file>
  </project>
</coverage>
