{"F:\\work2020\\Shipping\\ARS\\src\\controllers\\rest.ts": {"path":"F:\\work2020\\Shipping\\ARS\\src\\controllers\\rest.ts","statementMap":{"0":{"start":{"line":1,"column":0},"end":{"line":1,"column":32}},"1":{"start":{"line":4,"column":18},"end":{"line":4,"column":22}},"2":{"start":{"line":5,"column":15},"end":{"line":5,"column":42}},"3":{"start":{"line":6,"column":16},"end":{"line":6,"column":40}},"4":{"start":{"line":7,"column":19},"end":{"line":7,"column":47}},"5":{"start":{"line":253,"column":2},"end":{"line":253,"column":12}},"6":{"start":{"line":27,"column":14},"end":{"line":27,"column":44}},"7":{"start":{"line":29,"column":2},"end":{"line":53,"column":null}},"8":{"start":{"line":31,"column":4},"end":{"line":43,"column":7}},"9":{"start":{"line":32,"column":6},"end":{"line":42,"column":15}},"10":{"start":{"line":34,"column":8},"end":{"line":41,"column":11}},"11":{"start":{"line":45,"column":16},"end":{"line":50,"column":6}},"12":{"start":{"line":51,"column":4},"end":{"line":51,"column":44}},"13":{"start":{"line":52,"column":4},"end":{"line":52,"column":45}},"14":{"start":{"line":255,"column":2},"end":{"line":255,"column":16}},"15":{"start":{"line":57,"column":2},"end":{"line":170,"column":null}},"16":{"start":{"line":58,"column":4},"end":{"line":167,"column":7}},"17":{"start":{"line":59,"column":6},"end":{"line":166,"column":13}},"18":{"start":{"line":61,"column":23},"end":{"line":61,"column":64}},"19":{"start":{"line":68,"column":8},"end":{"line":165,"column":null}},"20":{"start":{"line":69,"column":10},"end":{"line":69,"column":44}},"21":{"start":{"line":78,"column":10},"end":{"line":164,"column":13}},"22":{"start":{"line":169,"column":4},"end":{"line":169,"column":45}},"23":{"start":{"line":254,"column":2},"end":{"line":254,"column":12}},"24":{"start":{"line":174,"column":2},"end":{"line":178,"column":null}},"25":{"start":{"line":175,"column":19},"end":{"line":175,"column":72}},"26":{"start":{"line":176,"column":4},"end":{"line":176,"column":40}},"27":{"start":{"line":177,"column":4},"end":{"line":177,"column":23}},"28":{"start":{"line":256,"column":2},"end":{"line":256,"column":13}},"29":{"start":{"line":182,"column":14},"end":{"line":182,"column":27}},"30":{"start":{"line":183,"column":14},"end":{"line":188,"column":4}},"31":{"start":{"line":189,"column":2},"end":{"line":189,"column":13}},"32":{"start":{"line":257,"column":2},"end":{"line":257,"column":14}},"33":{"start":{"line":193,"column":14},"end":{"line":193,"column":45}},"34":{"start":{"line":196,"column":15},"end":{"line":196,"column":60}},"35":{"start":{"line":198,"column":2},"end":{"line":234,"column":null}},"36":{"start":{"line":199,"column":4},"end":{"line":215,"column":7}},"37":{"start":{"line":200,"column":6},"end":{"line":214,"column":15}},"38":{"start":{"line":202,"column":8},"end":{"line":210,"column":null}},"39":{"start":{"line":203,"column":10},"end":{"line":203,"column":34}},"40":{"start":{"line":204,"column":10},"end":{"line":204,"column":36}},"41":{"start":{"line":205,"column":10},"end":{"line":205,"column":31}},"42":{"start":{"line":207,"column":10},"end":{"line":207,"column":31}},"43":{"start":{"line":208,"column":10},"end":{"line":208,"column":31}},"44":{"start":{"line":209,"column":10},"end":{"line":209,"column":32}},"45":{"start":{"line":213,"column":8},"end":{"line":213,"column":20}},"46":{"start":{"line":217,"column":16},"end":{"line":225,"column":6}},"47":{"start":{"line":227,"column":4},"end":{"line":231,"column":null}},"48":{"start":{"line":228,"column":6},"end":{"line":228,"column":50}},"49":{"start":{"line":229,"column":6},"end":{"line":229,"column":50}},"50":{"start":{"line":230,"column":6},"end":{"line":230,"column":27}},"51":{"start":{"line":236,"column":2},"end":{"line":236,"column":16}},"52":{"start":{"line":258,"column":2},"end":{"line":258,"column":11}},"53":{"start":{"line":240,"column":2},"end":{"line":242,"column":null}},"54":{"start":{"line":241,"column":4},"end":{"line":241,"column":60}},"55":{"start":{"line":243,"column":14},"end":{"line":248,"column":4}},"56":{"start":{"line":249,"column":2},"end":{"line":249,"column":13}}},"fnMap":{"0":{"name":"confirmWaybill","decl":{"start":{"line":26,"column":15},"end":{"line":26,"column":29}},"loc":{"start":{"line":26,"column":58},"end":{"line":54,"column":1}}},"1":{"name":"(anonymous_1)","decl":{"start":{"line":31,"column":23},"end":{"line":31,"column":24}},"loc":{"start":{"line":31,"column":31},"end":{"line":43,"column":5}}},"2":{"name":"(anonymous_2)","decl":{"start":{"line":32,"column":17},"end":{"line":32,"column":20}},"loc":{"start":{"line":32,"column":22},"end":{"line":42,"column":7}}},"3":{"name":"getWaybill","decl":{"start":{"line":56,"column":15},"end":{"line":56,"column":25}},"loc":{"start":{"line":56,"column":39},"end":{"line":171,"column":1}}},"4":{"name":"(anonymous_4)","decl":{"start":{"line":58,"column":23},"end":{"line":58,"column":24}},"loc":{"start":{"line":58,"column":31},"end":{"line":167,"column":5}}},"5":{"name":"(anonymous_5)","decl":{"start":{"line":59,"column":17},"end":{"line":59,"column":20}},"loc":{"start":{"line":59,"column":22},"end":{"line":166,"column":7}}},"6":{"name":"getWbPhotos","decl":{"start":{"line":173,"column":15},"end":{"line":173,"column":26}},"loc":{"start":{"line":173,"column":40},"end":{"line":179,"column":1}}},"7":{"name":"saveUserInfo","decl":{"start":{"line":181,"column":15},"end":{"line":181,"column":27}},"loc":{"start":{"line":181,"column":45},"end":{"line":190,"column":1}}},"8":{"name":"userLogin","decl":{"start":{"line":192,"column":15},"end":{"line":192,"column":24}},"loc":{"start":{"line":192,"column":60},"end":{"line":237,"column":1}}},"9":{"name":"(anonymous_9)","decl":{"start":{"line":199,"column":23},"end":{"line":199,"column":24}},"loc":{"start":{"line":199,"column":31},"end":{"line":215,"column":5}}},"10":{"name":"(anonymous_10)","decl":{"start":{"line":200,"column":17},"end":{"line":200,"column":20}},"loc":{"start":{"line":200,"column":22},"end":{"line":214,"column":7}}},"11":{"name":"taroRequest","decl":{"start":{"line":239,"column":15},"end":{"line":239,"column":26}},"loc":{"start":{"line":239,"column":44},"end":{"line":250,"column":1}}}},"branchMap":{"0":{"loc":{"start":{"line":7,"column":31},"end":{"line":7,"column":37}},"type":"cond-expr","locations":[{"start":{"line":7,"column":31},"end":{"line":7,"column":37}},{"start":{"line":7,"column":40},"end":{"line":7,"column":47}}]},"1":{"loc":{"start":{"line":29,"column":2},"end":{"line":53,"column":null}},"type":"if","locations":[{"start":{"line":29,"column":2},"end":{"line":53,"column":null}},{"start":{"line":29,"column":2},"end":{"line":53,"column":null}}]},"2":{"loc":{"start":{"line":57,"column":2},"end":{"line":170,"column":null}},"type":"if","locations":[{"start":{"line":57,"column":2},"end":{"line":170,"column":null}},{"start":{"line":57,"column":2},"end":{"line":170,"column":null}}]},"3":{"loc":{"start":{"line":61,"column":39},"end":{"line":61,"column":40}},"type":"cond-expr","locations":[{"start":{"line":61,"column":39},"end":{"line":61,"column":40}},{"start":{"line":61,"column":43},"end":{"line":61,"column":64}}]},"4":{"loc":{"start":{"line":61,"column":59},"end":{"line":61,"column":60}},"type":"cond-expr","locations":[{"start":{"line":61,"column":59},"end":{"line":61,"column":60}},{"start":{"line":61,"column":63},"end":{"line":61,"column":64}}]},"5":{"loc":{"start":{"line":68,"column":8},"end":{"line":165,"column":null}},"type":"if","locations":[{"start":{"line":68,"column":8},"end":{"line":165,"column":null}},{"start":{"line":68,"column":8},"end":{"line":165,"column":null}}]},"6":{"loc":{"start":{"line":174,"column":2},"end":{"line":178,"column":null}},"type":"if","locations":[{"start":{"line":174,"column":2},"end":{"line":178,"column":null}},{"start":{"line":174,"column":2},"end":{"line":178,"column":null}}]},"7":{"loc":{"start":{"line":198,"column":2},"end":{"line":234,"column":null}},"type":"if","locations":[{"start":{"line":198,"column":2},"end":{"line":234,"column":null}},{"start":{"line":198,"column":2},"end":{"line":234,"column":null}}]},"8":{"loc":{"start":{"line":202,"column":8},"end":{"line":210,"column":null}},"type":"if","locations":[{"start":{"line":202,"column":8},"end":{"line":210,"column":null}},{"start":{"line":202,"column":8},"end":{"line":210,"column":null}}]},"9":{"loc":{"start":{"line":202,"column":12},"end":{"line":202,"column":35}},"type":"binary-expr","locations":[{"start":{"line":202,"column":12},"end":{"line":202,"column":35}},{"start":{"line":202,"column":39},"end":{"line":202,"column":54}}]},"10":{"loc":{"start":{"line":227,"column":4},"end":{"line":231,"column":null}},"type":"if","locations":[{"start":{"line":227,"column":4},"end":{"line":231,"column":null}},{"start":{"line":227,"column":4},"end":{"line":231,"column":null}}]},"11":{"loc":{"start":{"line":240,"column":2},"end":{"line":242,"column":null}},"type":"if","locations":[{"start":{"line":240,"column":2},"end":{"line":242,"column":null}},{"start":{"line":240,"column":2},"end":{"line":242,"column":null}}]},"12":{"loc":{"start":{"line":245,"column":12},"end":{"line":245,"column":18}},"type":"binary-expr","locations":[{"start":{"line":245,"column":12},"end":{"line":245,"column":18}},{"start":{"line":245,"column":22},"end":{"line":245,"column":27}}]},"13":{"loc":{"start":{"line":246,"column":10},"end":{"line":246,"column":14}},"type":"binary-expr","locations":[{"start":{"line":246,"column":10},"end":{"line":246,"column":14}},{"start":{"line":246,"column":18},"end":{"line":246,"column":20}}]}},"s":{"0":1,"1":1,"2":1,"3":1,"4":1,"5":1,"6":1,"7":1,"8":1,"9":1,"10":1,"11":0,"12":0,"13":0,"14":1,"15":4,"16":4,"17":4,"18":4,"19":4,"20":1,"21":3,"22":0,"23":1,"24":0,"25":0,"26":0,"27":0,"28":1,"29":0,"30":0,"31":0,"32":1,"33":4,"34":4,"35":4,"36":4,"37":4,"38":4,"39":1,"40":1,"41":1,"42":3,"43":3,"44":3,"45":4,"46":0,"47":0,"48":0,"49":0,"50":0,"51":0,"52":1,"53":0,"54":0,"55":0,"56":0},"f":{"0":1,"1":1,"2":1,"3":4,"4":4,"5":4,"6":0,"7":0,"8":4,"9":4,"10":4,"11":0},"b":{"0":[1,0],"1":[1,0],"2":[4,0],"3":[1,3],"4":[1,2],"5":[1,3],"6":[0,0],"7":[4,0],"8":[1,3],"9":[4,2],"10":[0,0],"11":[0,0],"12":[0,0],"13":[0,0]}}
}
