{"/Users/terry/Desktop/works2020/ARS/src/controllers/rest.ts": {"path":"/Users/terry/Desktop/works2020/ARS/src/controllers/rest.ts","statementMap":{"0":{"start":{"line":1,"column":0},"end":{"line":1,"column":32}},"1":{"start":{"line":3,"column":0},"end":{"line":3,"column":59}},"2":{"start":{"line":5,"column":18},"end":{"line":5,"column":22}},"3":{"start":{"line":6,"column":15},"end":{"line":6,"column":42}},"4":{"start":{"line":7,"column":16},"end":{"line":7,"column":40}},"5":{"start":{"line":8,"column":19},"end":{"line":8,"column":47}},"6":{"start":{"line":118,"column":9},"end":{"line":118,"column":19}},"7":{"start":{"line":28,"column":14},"end":{"line":28,"column":44}},"8":{"start":{"line":30,"column":2},"end":{"line":54,"column":null}},"9":{"start":{"line":32,"column":4},"end":{"line":44,"column":7}},"10":{"start":{"line":33,"column":6},"end":{"line":43,"column":15}},"11":{"start":{"line":35,"column":8},"end":{"line":42,"column":11}},"12":{"start":{"line":46,"column":16},"end":{"line":51,"column":6}},"13":{"start":{"line":52,"column":4},"end":{"line":52,"column":44}},"14":{"start":{"line":53,"column":4},"end":{"line":53,"column":45}},"15":{"start":{"line":118,"column":33},"end":{"line":118,"column":47}},"16":{"start":{"line":58,"column":14},"end":{"line":58,"column":88}},"17":{"start":{"line":59,"column":2},"end":{"line":59,"column":13}},"18":{"start":{"line":118,"column":21},"end":{"line":118,"column":31}},"19":{"start":{"line":63,"column":2},"end":{"line":67,"column":null}},"20":{"start":{"line":64,"column":19},"end":{"line":64,"column":83}},"21":{"start":{"line":65,"column":4},"end":{"line":65,"column":40}},"22":{"start":{"line":66,"column":4},"end":{"line":66,"column":23}},"23":{"start":{"line":118,"column":49},"end":{"line":118,"column":60}},"24":{"start":{"line":71,"column":14},"end":{"line":71,"column":27}},"25":{"start":{"line":72,"column":14},"end":{"line":77,"column":4}},"26":{"start":{"line":78,"column":2},"end":{"line":78,"column":13}},"27":{"start":{"line":118,"column":62},"end":{"line":118,"column":74}},"28":{"start":{"line":82,"column":14},"end":{"line":89,"column":null}},"29":{"start":{"line":95,"column":2},"end":{"line":95,"column":13}},"30":{"start":{"line":118,"column":76},"end":{"line":118,"column":85}},"31":{"start":{"line":100,"column":2},"end":{"line":114,"column":null}},"32":{"start":{"line":102,"column":4},"end":{"line":106,"column":null}},"33":{"start":{"line":103,"column":6},"end":{"line":103,"column":37}},"34":{"start":{"line":104,"column":11},"end":{"line":106,"column":null}},"35":{"start":{"line":105,"column":6},"end":{"line":105,"column":38}},"36":{"start":{"line":108,"column":4},"end":{"line":113,"column":7}},"37":{"start":{"line":115,"column":2},"end":{"line":115,"column":13}}},"fnMap":{"0":{"name":"confirmWaybill","decl":{"start":{"line":27,"column":15},"end":{"line":27,"column":29}},"loc":{"start":{"line":27,"column":58},"end":{"line":55,"column":1}}},"1":{"name":"(anonymous_1)","decl":{"start":{"line":32,"column":23},"end":{"line":32,"column":24}},"loc":{"start":{"line":32,"column":31},"end":{"line":44,"column":5}}},"2":{"name":"(anonymous_2)","decl":{"start":{"line":33,"column":17},"end":{"line":33,"column":20}},"loc":{"start":{"line":33,"column":22},"end":{"line":43,"column":7}}},"3":{"name":"getWaybill","decl":{"start":{"line":57,"column":15},"end":{"line":57,"column":25}},"loc":{"start":{"line":57,"column":39},"end":{"line":60,"column":1}}},"4":{"name":"getWbPhotos","decl":{"start":{"line":62,"column":15},"end":{"line":62,"column":26}},"loc":{"start":{"line":62,"column":40},"end":{"line":68,"column":1}}},"5":{"name":"saveUserInfo","decl":{"start":{"line":70,"column":15},"end":{"line":70,"column":27}},"loc":{"start":{"line":70,"column":45},"end":{"line":79,"column":1}}},"6":{"name":"userLogin","decl":{"start":{"line":81,"column":15},"end":{"line":81,"column":24}},"loc":{"start":{"line":81,"column":60},"end":{"line":96,"column":1}}},"7":{"name":"taroRequest","decl":{"start":{"line":98,"column":15},"end":{"line":98,"column":26}},"loc":{"start":{"line":98,"column":63},"end":{"line":116,"column":1}}}},"branchMap":{"0":{"loc":{"start":{"line":8,"column":31},"end":{"line":8,"column":37}},"type":"cond-expr","locations":[{"start":{"line":8,"column":31},"end":{"line":8,"column":37}},{"start":{"line":8,"column":40},"end":{"line":8,"column":47}}]},"1":{"loc":{"start":{"line":30,"column":2},"end":{"line":54,"column":null}},"type":"if","locations":[{"start":{"line":30,"column":2},"end":{"line":54,"column":null}},{"start":{"line":30,"column":2},"end":{"line":54,"column":null}}]},"2":{"loc":{"start":{"line":63,"column":2},"end":{"line":67,"column":null}},"type":"if","locations":[{"start":{"line":63,"column":2},"end":{"line":67,"column":null}},{"start":{"line":63,"column":2},"end":{"line":67,"column":null}}]},"3":{"loc":{"start":{"line":100,"column":2},"end":{"line":114,"column":null}},"type":"if","locations":[{"start":{"line":100,"column":2},"end":{"line":114,"column":null}},{"start":{"line":100,"column":2},"end":{"line":114,"column":null}}]},"4":{"loc":{"start":{"line":102,"column":4},"end":{"line":106,"column":null}},"type":"if","locations":[{"start":{"line":102,"column":4},"end":{"line":106,"column":null}},{"start":{"line":102,"column":4},"end":{"line":106,"column":null}}]},"5":{"loc":{"start":{"line":104,"column":11},"end":{"line":106,"column":null}},"type":"if","locations":[{"start":{"line":104,"column":11},"end":{"line":106,"column":null}},{"start":{"line":104,"column":11},"end":{"line":106,"column":null}}]},"6":{"loc":{"start":{"line":110,"column":14},"end":{"line":110,"column":20}},"type":"binary-expr","locations":[{"start":{"line":110,"column":14},"end":{"line":110,"column":20}},{"start":{"line":110,"column":24},"end":{"line":110,"column":29}}]},"7":{"loc":{"start":{"line":111,"column":12},"end":{"line":111,"column":16}},"type":"binary-expr","locations":[{"start":{"line":111,"column":12},"end":{"line":111,"column":16}},{"start":{"line":111,"column":20},"end":{"line":111,"column":22}}]},"8":{"loc":{"start":{"line":112,"column":14},"end":{"line":112,"column":20}},"type":"binary-expr","locations":[{"start":{"line":112,"column":14},"end":{"line":112,"column":20}},{"start":{"line":112,"column":24},"end":{"line":112,"column":62}}]}},"s":{"0":2,"1":2,"2":2,"3":2,"4":2,"5":2,"6":2,"7":1,"8":1,"9":1,"10":1,"11":1,"12":0,"13":0,"14":0,"15":2,"16":5,"17":4,"18":2,"19":0,"20":0,"21":0,"22":0,"23":2,"24":0,"25":0,"26":0,"27":2,"28":9,"29":7,"30":2,"31":14,"32":14,"33":9,"34":5,"35":5,"36":0,"37":11},"f":{"0":1,"1":1,"2":1,"3":5,"4":0,"5":0,"6":9,"7":14},"b":{"0":[2,0],"1":[1,0],"2":[0,0],"3":[14,0],"4":[9,5],"5":[5,0],"6":[0,0],"7":[0,0],"8":[0,0]}}
,"/Users/terry/Desktop/works2020/ARS/src/controllers/users.ts": {"path":"/Users/terry/Desktop/works2020/ARS/src/controllers/users.ts","statementMap":{"0":{"start":{"line":1,"column":0},"end":{"line":1,"column":32}},"1":{"start":{"line":3,"column":0},"end":{"line":3,"column":35}},"2":{"start":{"line":4,"column":0},"end":{"line":4,"column":45}},"3":{"start":{"line":8,"column":2},"end":{"line":8,"column":29}},"4":{"start":{"line":10,"column":2},"end":{"line":44,"column":5}},"5":{"start":{"line":13,"column":23},"end":{"line":15,"column":8}},"6":{"start":{"line":16,"column":18},"end":{"line":16,"column":70}},"7":{"start":{"line":17,"column":6},"end":{"line":17,"column":40}},"8":{"start":{"line":18,"column":6},"end":{"line":31,"column":9}},"9":{"start":{"line":21,"column":10},"end":{"line":21,"column":41}},"10":{"start":{"line":22,"column":10},"end":{"line":26,"column":13}},"11":{"start":{"line":29,"column":10},"end":{"line":29,"column":55}},"12":{"start":{"line":127,"column":9},"end":{"line":127,"column":26}},"13":{"start":{"line":47,"column":2},"end":{"line":63,"column":5}},"14":{"start":{"line":49,"column":17},"end":{"line":49,"column":25}},"15":{"start":{"line":50,"column":6},"end":{"line":61,"column":9}},"16":{"start":{"line":55,"column":23},"end":{"line":55,"column":51}},"17":{"start":{"line":56,"column":10},"end":{"line":56,"column":63}},"18":{"start":{"line":57,"column":10},"end":{"line":57,"column":71}},"19":{"start":{"line":58,"column":10},"end":{"line":58,"column":37}},"20":{"start":{"line":59,"column":10},"end":{"line":59,"column":27}},"21":{"start":{"line":127,"column":28},"end":{"line":127,"column":39}},"22":{"start":{"line":67,"column":2},"end":{"line":73,"column":null}},"23":{"start":{"line":68,"column":15},"end":{"line":68,"column":39}},"24":{"start":{"line":69,"column":4},"end":{"line":69,"column":41}},"25":{"start":{"line":70,"column":4},"end":{"line":70,"column":23}},"26":{"start":{"line":72,"column":4},"end":{"line":72,"column":62}},"27":{"start":{"line":127,"column":41},"end":{"line":127,"column":52}},"28":{"start":{"line":102,"column":16},"end":{"line":102,"column":21}},"29":{"start":{"line":104,"column":2},"end":{"line":108,"column":null}},"30":{"start":{"line":105,"column":4},"end":{"line":105,"column":51}},"31":{"start":{"line":107,"column":4},"end":{"line":107,"column":43}},"32":{"start":{"line":110,"column":23},"end":{"line":110,"column":68}},"33":{"start":{"line":111,"column":2},"end":{"line":116,"column":null}},"34":{"start":{"line":112,"column":4},"end":{"line":114,"column":null}},"35":{"start":{"line":113,"column":6},"end":{"line":113,"column":25}},"36":{"start":{"line":115,"column":4},"end":{"line":115,"column":19}},"37":{"start":{"line":117,"column":2},"end":{"line":124,"column":5}},"38":{"start":{"line":118,"column":4},"end":{"line":123,"column":null}},"39":{"start":{"line":119,"column":6},"end":{"line":119,"column":15}},"40":{"start":{"line":122,"column":6},"end":{"line":122,"column":15}},"41":{"start":{"line":127,"column":54},"end":{"line":127,"column":61}}},"fnMap":{"0":{"name":"getDriverLocation","decl":{"start":{"line":7,"column":9},"end":{"line":7,"column":26}},"loc":{"start":{"line":7,"column":58},"end":{"line":45,"column":1}}},"1":{"name":"(anonymous_1)","decl":{"start":{"line":12,"column":13},"end":{"line":12,"column":14}},"loc":{"start":{"line":12,"column":21},"end":{"line":43,"column":5}}},"2":{"name":"(anonymous_2)","decl":{"start":{"line":20,"column":17},"end":{"line":20,"column":18}},"loc":{"start":{"line":20,"column":28},"end":{"line":27,"column":9}}},"3":{"name":"(anonymous_3)","decl":{"start":{"line":28,"column":14},"end":{"line":28,"column":15}},"loc":{"start":{"line":28,"column":22},"end":{"line":30,"column":9}}},"4":{"name":"getWxOpenId","decl":{"start":{"line":46,"column":9},"end":{"line":46,"column":20}},"loc":{"start":{"line":46,"column":39},"end":{"line":64,"column":1}}},"5":{"name":"(anonymous_5)","decl":{"start":{"line":48,"column":13},"end":{"line":48,"column":14}},"loc":{"start":{"line":48,"column":21},"end":{"line":62,"column":5}}},"6":{"name":"(anonymous_6)","decl":{"start":{"line":54,"column":17},"end":{"line":54,"column":18}},"loc":{"start":{"line":54,"column":26},"end":{"line":60,"column":9}}},"7":{"name":"getUserInfo","decl":{"start":{"line":66,"column":15},"end":{"line":66,"column":26}},"loc":{"start":{"line":66,"column":26},"end":{"line":74,"column":1}}},"8":{"name":"doLogin","decl":{"start":{"line":100,"column":15},"end":{"line":100,"column":22}},"loc":{"start":{"line":100,"column":42},"end":{"line":125,"column":1}}},"9":{"name":"(anonymous_9)","decl":{"start":{"line":117,"column":21},"end":{"line":117,"column":22}},"loc":{"start":{"line":117,"column":34},"end":{"line":124,"column":3}}}},"branchMap":{"0":{"loc":{"start":{"line":19,"column":18},"end":{"line":19,"column":21}},"type":"binary-expr","locations":[{"start":{"line":19,"column":18},"end":{"line":19,"column":21}},{"start":{"line":19,"column":25},"end":{"line":19,"column":27}}]},"1":{"loc":{"start":{"line":111,"column":2},"end":{"line":116,"column":null}},"type":"if","locations":[{"start":{"line":111,"column":2},"end":{"line":116,"column":null}},{"start":{"line":111,"column":2},"end":{"line":116,"column":null}}]},"2":{"loc":{"start":{"line":112,"column":4},"end":{"line":114,"column":null}},"type":"if","locations":[{"start":{"line":112,"column":4},"end":{"line":114,"column":null}},{"start":{"line":112,"column":4},"end":{"line":114,"column":null}}]},"3":{"loc":{"start":{"line":118,"column":4},"end":{"line":123,"column":null}},"type":"if","locations":[{"start":{"line":118,"column":4},"end":{"line":123,"column":null}},{"start":{"line":118,"column":4},"end":{"line":123,"column":null}}]}},"s":{"0":1,"1":1,"2":1,"3":0,"4":0,"5":0,"6":0,"7":0,"8":0,"9":0,"10":0,"11":0,"12":1,"13":0,"14":0,"15":0,"16":0,"17":0,"18":0,"19":0,"20":0,"21":1,"22":0,"23":0,"24":0,"25":0,"26":0,"27":1,"28":4,"29":4,"30":4,"31":1,"32":4,"33":4,"34":3,"35":3,"36":3,"37":4,"38":4,"39":3,"40":1,"41":1},"f":{"0":0,"1":0,"2":0,"3":0,"4":0,"5":0,"6":0,"7":0,"8":4,"9":4},"b":{"0":[0,0],"1":[3,1],"2":[3,0],"3":[3,1]}}
,"/Users/terry/Desktop/works2020/ARS/src/libs/qqmap-wx-jssdk.js": {"path":"/Users/terry/Desktop/works2020/ARS/src/libs/qqmap-wx-jssdk.js","statementMap":{"0":{"start":{"line":9,"column":17},"end":{"line":18,"column":1}},"1":{"start":{"line":19,"column":15},"end":{"line":19,"column":44}},"2":{"start":{"line":20,"column":17},"end":{"line":20,"column":45}},"3":{"start":{"line":21,"column":21},"end":{"line":21,"column":53}},"4":{"start":{"line":22,"column":23},"end":{"line":22,"column":48}},"5":{"start":{"line":23,"column":20},"end":{"line":23,"column":49}},"6":{"start":{"line":24,"column":20},"end":{"line":24,"column":56}},"7":{"start":{"line":25,"column":19},"end":{"line":25,"column":44}},"8":{"start":{"line":26,"column":20},"end":{"line":26,"column":46}},"9":{"start":{"line":27,"column":11},"end":{"line":30,"column":1}},"10":{"start":{"line":31,"column":19},"end":{"line":31,"column":29}},"11":{"start":{"line":32,"column":12},"end":{"line":653,"column":1}},"12":{"start":{"line":38,"column":14},"end":{"line":38,"column":41}},"13":{"start":{"line":39,"column":14},"end":{"line":39,"column":49}},"14":{"start":{"line":40,"column":4},"end":{"line":40,"column":40}},"15":{"start":{"line":43,"column":4},"end":{"line":43,"column":47}},"16":{"start":{"line":46,"column":4},"end":{"line":46,"column":104}},"17":{"start":{"line":49,"column":4},"end":{"line":49,"column":58}},"18":{"start":{"line":52,"column":4},"end":{"line":52,"column":58}},"19":{"start":{"line":55,"column":4},"end":{"line":55,"column":49}},"20":{"start":{"line":58,"column":4},"end":{"line":58,"column":52}},"21":{"start":{"line":62,"column":4},"end":{"line":62,"column":38}},"22":{"start":{"line":63,"column":4},"end":{"line":63,"column":42}},"23":{"start":{"line":70,"column":12},"end":{"line":70,"column":22}},"24":{"start":{"line":71,"column":12},"end":{"line":71,"column":22}},"25":{"start":{"line":72,"column":12},"end":{"line":72,"column":23}},"26":{"start":{"line":73,"column":12},"end":{"line":73,"column":21}},"27":{"start":{"line":75,"column":4},"end":{"line":153,"column":5}},"28":{"start":{"line":76,"column":6},"end":{"line":76,"column":15}},"29":{"start":{"line":77,"column":6},"end":{"line":77,"column":15}},"30":{"start":{"line":78,"column":6},"end":{"line":78,"column":15}},"31":{"start":{"line":79,"column":6},"end":{"line":79,"column":15}},"32":{"start":{"line":81,"column":6},"end":{"line":81,"column":54}},"33":{"start":{"line":82,"column":6},"end":{"line":82,"column":59}},"34":{"start":{"line":83,"column":6},"end":{"line":83,"column":58}},"35":{"start":{"line":84,"column":6},"end":{"line":84,"column":60}},"36":{"start":{"line":85,"column":6},"end":{"line":85,"column":58}},"37":{"start":{"line":86,"column":6},"end":{"line":86,"column":59}},"38":{"start":{"line":87,"column":6},"end":{"line":87,"column":60}},"39":{"start":{"line":88,"column":6},"end":{"line":88,"column":58}},"40":{"start":{"line":89,"column":6},"end":{"line":89,"column":58}},"41":{"start":{"line":90,"column":6},"end":{"line":90,"column":60}},"42":{"start":{"line":91,"column":6},"end":{"line":91,"column":56}},"43":{"start":{"line":92,"column":6},"end":{"line":92,"column":61}},"44":{"start":{"line":93,"column":6},"end":{"line":93,"column":59}},"45":{"start":{"line":94,"column":6},"end":{"line":94,"column":59}},"46":{"start":{"line":95,"column":6},"end":{"line":95,"column":61}},"47":{"start":{"line":96,"column":6},"end":{"line":96,"column":60}},"48":{"start":{"line":98,"column":6},"end":{"line":98,"column":58}},"49":{"start":{"line":99,"column":6},"end":{"line":99,"column":59}},"50":{"start":{"line":100,"column":6},"end":{"line":100,"column":59}},"51":{"start":{"line":101,"column":6},"end":{"line":101,"column":55}},"52":{"start":{"line":102,"column":6},"end":{"line":102,"column":58}},"53":{"start":{"line":103,"column":6},"end":{"line":103,"column":57}},"54":{"start":{"line":104,"column":6},"end":{"line":104,"column":60}},"55":{"start":{"line":105,"column":6},"end":{"line":105,"column":59}},"56":{"start":{"line":106,"column":6},"end":{"line":106,"column":57}},"57":{"start":{"line":107,"column":6},"end":{"line":107,"column":60}},"58":{"start":{"line":108,"column":6},"end":{"line":108,"column":59}},"59":{"start":{"line":109,"column":6},"end":{"line":109,"column":59}},"60":{"start":{"line":110,"column":6},"end":{"line":110,"column":60}},"61":{"start":{"line":111,"column":6},"end":{"line":111,"column":57}},"62":{"start":{"line":112,"column":6},"end":{"line":112,"column":59}},"63":{"start":{"line":113,"column":6},"end":{"line":113,"column":61}},"64":{"start":{"line":115,"column":6},"end":{"line":115,"column":55}},"65":{"start":{"line":116,"column":6},"end":{"line":116,"column":60}},"66":{"start":{"line":117,"column":6},"end":{"line":117,"column":60}},"67":{"start":{"line":118,"column":6},"end":{"line":118,"column":59}},"68":{"start":{"line":119,"column":6},"end":{"line":119,"column":59}},"69":{"start":{"line":120,"column":6},"end":{"line":120,"column":59}},"70":{"start":{"line":121,"column":6},"end":{"line":121,"column":59}},"71":{"start":{"line":122,"column":6},"end":{"line":122,"column":61}},"72":{"start":{"line":123,"column":6},"end":{"line":123,"column":58}},"73":{"start":{"line":124,"column":6},"end":{"line":124,"column":55}},"74":{"start":{"line":125,"column":6},"end":{"line":125,"column":59}},"75":{"start":{"line":126,"column":6},"end":{"line":126,"column":57}},"76":{"start":{"line":127,"column":6},"end":{"line":127,"column":58}},"77":{"start":{"line":128,"column":6},"end":{"line":128,"column":60}},"78":{"start":{"line":129,"column":6},"end":{"line":129,"column":59}},"79":{"start":{"line":130,"column":6},"end":{"line":130,"column":59}},"80":{"start":{"line":132,"column":6},"end":{"line":132,"column":54}},"81":{"start":{"line":133,"column":6},"end":{"line":133,"column":59}},"82":{"start":{"line":134,"column":6},"end":{"line":134,"column":61}},"83":{"start":{"line":135,"column":6},"end":{"line":135,"column":58}},"84":{"start":{"line":136,"column":6},"end":{"line":136,"column":59}},"85":{"start":{"line":137,"column":6},"end":{"line":137,"column":60}},"86":{"start":{"line":138,"column":6},"end":{"line":138,"column":58}},"87":{"start":{"line":139,"column":6},"end":{"line":139,"column":60}},"88":{"start":{"line":140,"column":6},"end":{"line":140,"column":58}},"89":{"start":{"line":141,"column":6},"end":{"line":141,"column":59}},"90":{"start":{"line":142,"column":6},"end":{"line":142,"column":60}},"91":{"start":{"line":143,"column":6},"end":{"line":143,"column":60}},"92":{"start":{"line":144,"column":6},"end":{"line":144,"column":58}},"93":{"start":{"line":145,"column":6},"end":{"line":145,"column":61}},"94":{"start":{"line":146,"column":6},"end":{"line":146,"column":58}},"95":{"start":{"line":147,"column":6},"end":{"line":147,"column":59}},"96":{"start":{"line":149,"column":6},"end":{"line":149,"column":32}},"97":{"start":{"line":150,"column":6},"end":{"line":150,"column":32}},"98":{"start":{"line":151,"column":6},"end":{"line":151,"column":32}},"99":{"start":{"line":152,"column":6},"end":{"line":152,"column":32}},"100":{"start":{"line":154,"column":4},"end":{"line":154,"column":24}},"101":{"start":{"line":158,"column":17},"end":{"line":158,"column":19}},"102":{"start":{"line":159,"column":19},"end":{"line":159,"column":36}},"103":{"start":{"line":160,"column":4},"end":{"line":162,"column":5}},"104":{"start":{"line":161,"column":6},"end":{"line":161,"column":73}},"105":{"start":{"line":163,"column":4},"end":{"line":163,"column":18}},"106":{"start":{"line":167,"column":17},"end":{"line":167,"column":19}},"107":{"start":{"line":168,"column":4},"end":{"line":168,"column":48}},"108":{"start":{"line":169,"column":4},"end":{"line":171,"column":5}},"109":{"start":{"line":170,"column":6},"end":{"line":170,"column":20}},"110":{"start":{"line":172,"column":18},"end":{"line":172,"column":34}},"111":{"start":{"line":173,"column":4},"end":{"line":175,"column":5}},"112":{"start":{"line":174,"column":6},"end":{"line":174,"column":69}},"113":{"start":{"line":176,"column":4},"end":{"line":176,"column":18}},"114":{"start":{"line":179,"column":4},"end":{"line":179,"column":73}},"115":{"start":{"line":183,"column":15},"end":{"line":183,"column":34}},"116":{"start":{"line":184,"column":15},"end":{"line":184,"column":17}},"117":{"start":{"line":185,"column":15},"end":{"line":185,"column":17}},"118":{"start":{"line":187,"column":4},"end":{"line":187,"column":36}},"119":{"start":{"line":188,"column":4},"end":{"line":190,"column":5}},"120":{"start":{"line":189,"column":6},"end":{"line":189,"column":48}},"121":{"start":{"line":191,"column":4},"end":{"line":194,"column":5}},"122":{"start":{"line":192,"column":6},"end":{"line":192,"column":37}},"123":{"start":{"line":193,"column":6},"end":{"line":193,"column":37}},"124":{"start":{"line":195,"column":4},"end":{"line":195,"column":82}},"125":{"start":{"line":196,"column":4},"end":{"line":196,"column":70}},"126":{"start":{"line":199,"column":17},"end":{"line":199,"column":35}},"127":{"start":{"line":200,"column":17},"end":{"line":200,"column":19}},"128":{"start":{"line":203,"column":4},"end":{"line":206,"column":5}},"129":{"start":{"line":204,"column":6},"end":{"line":204,"column":30}},"130":{"start":{"line":205,"column":6},"end":{"line":205,"column":74}},"131":{"start":{"line":207,"column":4},"end":{"line":207,"column":18}},"132":{"start":{"line":210,"column":4},"end":{"line":210,"column":47}},"133":{"start":{"line":213,"column":4},"end":{"line":213,"column":46}},"134":{"start":{"line":216,"column":4},"end":{"line":216,"column":41}},"135":{"start":{"line":219,"column":4},"end":{"line":219,"column":67}},"136":{"start":{"line":222,"column":4},"end":{"line":222,"column":48}},"137":{"start":{"line":226,"column":4},"end":{"line":231,"column":5}},"138":{"start":{"line":227,"column":6},"end":{"line":229,"column":7}},"139":{"start":{"line":228,"column":8},"end":{"line":228,"column":35}},"140":{"start":{"line":230,"column":6},"end":{"line":230,"column":33}},"141":{"start":{"line":232,"column":4},"end":{"line":234,"column":5}},"142":{"start":{"line":233,"column":6},"end":{"line":233,"column":42}},"143":{"start":{"line":235,"column":4},"end":{"line":235,"column":40}},"144":{"start":{"line":245,"column":14},"end":{"line":245,"column":18}},"145":{"start":{"line":246,"column":21},"end":{"line":246,"column":23}},"146":{"start":{"line":247,"column":4},"end":{"line":249,"column":7}},"147":{"start":{"line":248,"column":6},"end":{"line":248,"column":53}},"148":{"start":{"line":250,"column":4},"end":{"line":252,"column":5}},"149":{"start":{"line":251,"column":6},"end":{"line":251,"column":63}},"150":{"start":{"line":253,"column":4},"end":{"line":255,"column":5}},"151":{"start":{"line":254,"column":6},"end":{"line":254,"column":67}},"152":{"start":{"line":256,"column":4},"end":{"line":258,"column":5}},"153":{"start":{"line":257,"column":6},"end":{"line":257,"column":60}},"154":{"start":{"line":259,"column":4},"end":{"line":261,"column":5}},"155":{"start":{"line":260,"column":6},"end":{"line":260,"column":60}},"156":{"start":{"line":262,"column":4},"end":{"line":264,"column":5}},"157":{"start":{"line":263,"column":6},"end":{"line":263,"column":64}},"158":{"start":{"line":265,"column":4},"end":{"line":267,"column":5}},"159":{"start":{"line":266,"column":6},"end":{"line":266,"column":71}},"160":{"start":{"line":268,"column":4},"end":{"line":270,"column":5}},"161":{"start":{"line":269,"column":6},"end":{"line":269,"column":60}},"162":{"start":{"line":271,"column":4},"end":{"line":273,"column":5}},"163":{"start":{"line":272,"column":6},"end":{"line":272,"column":73}},"164":{"start":{"line":274,"column":4},"end":{"line":274,"column":24}},"165":{"start":{"line":275,"column":4},"end":{"line":275,"column":15}},"166":{"start":{"line":282,"column":8},"end":{"line":284,"column":9}},"167":{"start":{"line":283,"column":12},"end":{"line":283,"column":24}},"168":{"start":{"line":285,"column":20},"end":{"line":285,"column":22}},"169":{"start":{"line":286,"column":8},"end":{"line":297,"column":9}},"170":{"start":{"line":286,"column":21},"end":{"line":286,"column":22}},"171":{"start":{"line":287,"column":20},"end":{"line":287,"column":27}},"172":{"start":{"line":288,"column":12},"end":{"line":290,"column":13}},"173":{"start":{"line":289,"column":16},"end":{"line":289,"column":29}},"174":{"start":{"line":291,"column":12},"end":{"line":293,"column":13}},"175":{"start":{"line":292,"column":16},"end":{"line":292,"column":70}},"176":{"start":{"line":294,"column":12},"end":{"line":296,"column":13}},"177":{"start":{"line":295,"column":16},"end":{"line":295,"column":63}},"178":{"start":{"line":298,"column":8},"end":{"line":298,"column":21}},"179":{"start":{"line":305,"column":6},"end":{"line":305,"column":33}},"180":{"start":{"line":312,"column":15},"end":{"line":312,"column":34}},"181":{"start":{"line":313,"column":24},"end":{"line":313,"column":26}},"182":{"start":{"line":314,"column":6},"end":{"line":319,"column":7}},"183":{"start":{"line":314,"column":19},"end":{"line":314,"column":20}},"184":{"start":{"line":315,"column":8},"end":{"line":318,"column":10}},"185":{"start":{"line":320,"column":6},"end":{"line":320,"column":25}},"186":{"start":{"line":330,"column":23},"end":{"line":330,"column":40}},"187":{"start":{"line":331,"column":21},"end":{"line":331,"column":36}},"188":{"start":{"line":332,"column":14},"end":{"line":332,"column":35}},"189":{"start":{"line":333,"column":14},"end":{"line":333,"column":49}},"190":{"start":{"line":334,"column":21},"end":{"line":334,"column":150}},"191":{"start":{"line":335,"column":6},"end":{"line":335,"column":41}},"192":{"start":{"line":336,"column":6},"end":{"line":336,"column":54}},"193":{"start":{"line":337,"column":6},"end":{"line":337,"column":45}},"194":{"start":{"line":343,"column":8},"end":{"line":348,"column":11}},"195":{"start":{"line":355,"column":8},"end":{"line":365,"column":9}},"196":{"start":{"line":356,"column":30},"end":{"line":356,"column":49}},"197":{"start":{"line":357,"column":12},"end":{"line":364,"column":13}},"198":{"start":{"line":358,"column":16},"end":{"line":361,"column":18}},"199":{"start":{"line":363,"column":16},"end":{"line":363,"column":30}},"200":{"start":{"line":366,"column":8},"end":{"line":366,"column":24}},"201":{"start":{"line":373,"column":8},"end":{"line":373,"column":57}},"202":{"start":{"line":374,"column":8},"end":{"line":374,"column":51}},"203":{"start":{"line":375,"column":8},"end":{"line":375,"column":59}},"204":{"start":{"line":385,"column":8},"end":{"line":390,"column":9}},"205":{"start":{"line":386,"column":26},"end":{"line":386,"column":111}},"206":{"start":{"line":387,"column":12},"end":{"line":387,"column":32}},"207":{"start":{"line":388,"column":12},"end":{"line":388,"column":36}},"208":{"start":{"line":389,"column":12},"end":{"line":389,"column":24}},"209":{"start":{"line":391,"column":8},"end":{"line":391,"column":21}},"210":{"start":{"line":400,"column":8},"end":{"line":400,"column":58}},"211":{"start":{"line":409,"column":23},"end":{"line":409,"column":60}},"212":{"start":{"line":410,"column":8},"end":{"line":415,"column":9}},"213":{"start":{"line":411,"column":26},"end":{"line":411,"column":115}},"214":{"start":{"line":412,"column":12},"end":{"line":412,"column":32}},"215":{"start":{"line":413,"column":12},"end":{"line":413,"column":36}},"216":{"start":{"line":414,"column":12},"end":{"line":414,"column":25}},"217":{"start":{"line":416,"column":8},"end":{"line":416,"column":20}},"218":{"start":{"line":425,"column":8},"end":{"line":428,"column":10}},"219":{"start":{"line":447,"column":6},"end":{"line":581,"column":7}},"220":{"start":{"line":448,"column":27},"end":{"line":448,"column":36}},"221":{"start":{"line":449,"column":29},"end":{"line":449,"column":31}},"222":{"start":{"line":450,"column":8},"end":{"line":464,"column":9}},"223":{"start":{"line":450,"column":21},"end":{"line":450,"column":22}},"224":{"start":{"line":451,"column":10},"end":{"line":463,"column":12}},"225":{"start":{"line":465,"column":8},"end":{"line":468,"column":10}},"226":{"start":{"line":469,"column":13},"end":{"line":581,"column":7}},"227":{"start":{"line":470,"column":28},"end":{"line":470,"column":37}},"228":{"start":{"line":471,"column":30},"end":{"line":471,"column":32}},"229":{"start":{"line":472,"column":8},"end":{"line":486,"column":9}},"230":{"start":{"line":472,"column":21},"end":{"line":472,"column":22}},"231":{"start":{"line":473,"column":10},"end":{"line":485,"column":12}},"232":{"start":{"line":487,"column":8},"end":{"line":490,"column":12}},"233":{"start":{"line":491,"column":13},"end":{"line":581,"column":7}},"234":{"start":{"line":492,"column":36},"end":{"line":492,"column":47}},"235":{"start":{"line":493,"column":38},"end":{"line":506,"column":9}},"236":{"start":{"line":507,"column":8},"end":{"line":535,"column":9}},"237":{"start":{"line":508,"column":21},"end":{"line":508,"column":47}},"238":{"start":{"line":509,"column":29},"end":{"line":509,"column":31}},"239":{"start":{"line":510,"column":10},"end":{"line":523,"column":11}},"240":{"start":{"line":510,"column":23},"end":{"line":510,"column":24}},"241":{"start":{"line":511,"column":12},"end":{"line":522,"column":14}},"242":{"start":{"line":524,"column":10},"end":{"line":529,"column":12}},"243":{"start":{"line":531,"column":10},"end":{"line":534,"column":12}},"244":{"start":{"line":536,"column":13},"end":{"line":581,"column":7}},"245":{"start":{"line":537,"column":29},"end":{"line":537,"column":40}},"246":{"start":{"line":538,"column":31},"end":{"line":549,"column":9}},"247":{"start":{"line":550,"column":8},"end":{"line":553,"column":11}},"248":{"start":{"line":554,"column":13},"end":{"line":581,"column":7}},"249":{"start":{"line":555,"column":29},"end":{"line":555,"column":43}},"250":{"start":{"line":556,"column":25},"end":{"line":556,"column":39}},"251":{"start":{"line":557,"column":29},"end":{"line":557,"column":43}},"252":{"start":{"line":558,"column":8},"end":{"line":562,"column":11}},"253":{"start":{"line":563,"column":13},"end":{"line":581,"column":7}},"254":{"start":{"line":564,"column":29},"end":{"line":564,"column":43}},"255":{"start":{"line":565,"column":8},"end":{"line":565,"column":44}},"256":{"start":{"line":566,"column":13},"end":{"line":581,"column":7}},"257":{"start":{"line":567,"column":38},"end":{"line":567,"column":58}},"258":{"start":{"line":568,"column":23},"end":{"line":568,"column":25}},"259":{"start":{"line":569,"column":8},"end":{"line":571,"column":9}},"260":{"start":{"line":569,"column":21},"end":{"line":569,"column":22}},"261":{"start":{"line":570,"column":10},"end":{"line":570,"column":61}},"262":{"start":{"line":572,"column":8},"end":{"line":575,"column":13}},"263":{"start":{"line":576,"column":13},"end":{"line":581,"column":7}},"264":{"start":{"line":577,"column":24},"end":{"line":577,"column":42}},"265":{"start":{"line":578,"column":8},"end":{"line":578,"column":38}},"266":{"start":{"line":580,"column":8},"end":{"line":580,"column":28}},"267":{"start":{"line":592,"column":19},"end":{"line":592,"column":23}},"268":{"start":{"line":593,"column":8},"end":{"line":593,"column":64}},"269":{"start":{"line":594,"column":8},"end":{"line":594,"column":31}},"270":{"start":{"line":595,"column":8},"end":{"line":602,"column":10}},"271":{"start":{"line":596,"column":23},"end":{"line":596,"column":31}},"272":{"start":{"line":597,"column":12},"end":{"line":601,"column":13}},"273":{"start":{"line":598,"column":14},"end":{"line":598,"column":52}},"274":{"start":{"line":600,"column":16},"end":{"line":600,"column":33}},"275":{"start":{"line":603,"column":8},"end":{"line":606,"column":10}},"276":{"start":{"line":604,"column":12},"end":{"line":604,"column":52}},"277":{"start":{"line":605,"column":12},"end":{"line":605,"column":82}},"278":{"start":{"line":607,"column":8},"end":{"line":628,"column":10}},"279":{"start":{"line":608,"column":29},"end":{"line":608,"column":44}},"280":{"start":{"line":609,"column":12},"end":{"line":627,"column":13}},"281":{"start":{"line":611,"column":20},"end":{"line":611,"column":94}},"282":{"start":{"line":612,"column":20},"end":{"line":612,"column":26}},"283":{"start":{"line":615,"column":31},"end":{"line":615,"column":39}},"284":{"start":{"line":616,"column":20},"end":{"line":620,"column":21}},"285":{"start":{"line":617,"column":24},"end":{"line":617,"column":45}},"286":{"start":{"line":619,"column":24},"end":{"line":619,"column":89}},"287":{"start":{"line":621,"column":20},"end":{"line":621,"column":26}},"288":{"start":{"line":624,"column":20},"end":{"line":624,"column":108}},"289":{"start":{"line":629,"column":8},"end":{"line":629,"column":23}},"290":{"start":{"line":636,"column":19},"end":{"line":636,"column":23}},"291":{"start":{"line":637,"column":8},"end":{"line":640,"column":10}},"292":{"start":{"line":638,"column":12},"end":{"line":638,"column":52}},"293":{"start":{"line":639,"column":12},"end":{"line":639,"column":82}},"294":{"start":{"line":641,"column":8},"end":{"line":645,"column":10}},"295":{"start":{"line":642,"column":12},"end":{"line":644,"column":13}},"296":{"start":{"line":643,"column":16},"end":{"line":643,"column":90}},"297":{"start":{"line":646,"column":8},"end":{"line":651,"column":9}},"298":{"start":{"line":647,"column":12},"end":{"line":647,"column":80}},"299":{"start":{"line":648,"column":15},"end":{"line":651,"column":9}},"300":{"start":{"line":649,"column":27},"end":{"line":649,"column":65}},"301":{"start":{"line":650,"column":12},"end":{"line":650,"column":38}},"302":{"start":{"line":664,"column":8},"end":{"line":666,"column":9}},"303":{"start":{"line":665,"column":12},"end":{"line":665,"column":36}},"304":{"start":{"line":667,"column":8},"end":{"line":667,"column":31}},"305":{"start":{"line":679,"column":19},"end":{"line":679,"column":23}},"306":{"start":{"line":680,"column":8},"end":{"line":680,"column":32}},"307":{"start":{"line":682,"column":8},"end":{"line":682,"column":37}},"308":{"start":{"line":684,"column":8},"end":{"line":686,"column":9}},"309":{"start":{"line":685,"column":12},"end":{"line":685,"column":19}},"310":{"start":{"line":688,"column":27},"end":{"line":695,"column":9}},"311":{"start":{"line":697,"column":8},"end":{"line":699,"column":9}},"312":{"start":{"line":698,"column":12},"end":{"line":698,"column":65}},"313":{"start":{"line":701,"column":8},"end":{"line":703,"column":9}},"314":{"start":{"line":702,"column":12},"end":{"line":702,"column":49}},"315":{"start":{"line":705,"column":23},"end":{"line":705,"column":49}},"316":{"start":{"line":706,"column":26},"end":{"line":706,"column":50}},"317":{"start":{"line":707,"column":21},"end":{"line":707,"column":25}},"318":{"start":{"line":708,"column":24},"end":{"line":708,"column":28}},"319":{"start":{"line":711,"column":8},"end":{"line":713,"column":9}},"320":{"start":{"line":712,"column":10},"end":{"line":712,"column":34}},"321":{"start":{"line":716,"column":8},"end":{"line":718,"column":9}},"322":{"start":{"line":717,"column":10},"end":{"line":717,"column":40}},"323":{"start":{"line":720,"column":30},"end":{"line":743,"column":9}},"324":{"start":{"line":721,"column":10},"end":{"line":738,"column":13}},"325":{"start":{"line":723,"column":12},"end":{"line":723,"column":130}},"326":{"start":{"line":724,"column":12},"end":{"line":726,"column":13}},"327":{"start":{"line":725,"column":14},"end":{"line":725,"column":83}},"328":{"start":{"line":727,"column":17},"end":{"line":738,"column":13}},"329":{"start":{"line":729,"column":12},"end":{"line":729,"column":67}},"330":{"start":{"line":730,"column":12},"end":{"line":732,"column":13}},"331":{"start":{"line":731,"column":14},"end":{"line":731,"column":83}},"332":{"start":{"line":734,"column":14},"end":{"line":734,"column":134}},"333":{"start":{"line":735,"column":12},"end":{"line":737,"column":13}},"334":{"start":{"line":736,"column":14},"end":{"line":736,"column":83}},"335":{"start":{"line":739,"column":12},"end":{"line":742,"column":26}},"336":{"start":{"line":744,"column":8},"end":{"line":744,"column":56}},"337":{"start":{"line":756,"column":19},"end":{"line":756,"column":23}},"338":{"start":{"line":757,"column":8},"end":{"line":757,"column":32}},"339":{"start":{"line":758,"column":8},"end":{"line":758,"column":37}},"340":{"start":{"line":760,"column":8},"end":{"line":762,"column":9}},"341":{"start":{"line":761,"column":12},"end":{"line":761,"column":19}},"342":{"start":{"line":764,"column":27},"end":{"line":774,"column":9}},"343":{"start":{"line":776,"column":8},"end":{"line":778,"column":9}},"344":{"start":{"line":777,"column":10},"end":{"line":777,"column":63}},"345":{"start":{"line":780,"column":8},"end":{"line":782,"column":9}},"346":{"start":{"line":781,"column":10},"end":{"line":781,"column":47}},"347":{"start":{"line":784,"column":8},"end":{"line":804,"column":9}},"348":{"start":{"line":785,"column":32},"end":{"line":794,"column":11}},"349":{"start":{"line":786,"column":12},"end":{"line":786,"column":77}},"350":{"start":{"line":787,"column":12},"end":{"line":789,"column":13}},"351":{"start":{"line":788,"column":14},"end":{"line":788,"column":84}},"352":{"start":{"line":790,"column":12},"end":{"line":793,"column":27}},"353":{"start":{"line":795,"column":10},"end":{"line":795,"column":58}},"354":{"start":{"line":797,"column":10},"end":{"line":799,"column":11}},"355":{"start":{"line":798,"column":12},"end":{"line":798,"column":82}},"356":{"start":{"line":800,"column":10},"end":{"line":803,"column":25}},"357":{"start":{"line":816,"column":19},"end":{"line":816,"column":23}},"358":{"start":{"line":817,"column":8},"end":{"line":817,"column":32}},"359":{"start":{"line":818,"column":8},"end":{"line":818,"column":37}},"360":{"start":{"line":819,"column":27},"end":{"line":824,"column":9}},"361":{"start":{"line":825,"column":8},"end":{"line":827,"column":9}},"362":{"start":{"line":826,"column":12},"end":{"line":826,"column":58}},"363":{"start":{"line":829,"column":30},"end":{"line":838,"column":9}},"364":{"start":{"line":830,"column":12},"end":{"line":830,"column":77}},"365":{"start":{"line":831,"column":10},"end":{"line":833,"column":11}},"366":{"start":{"line":832,"column":12},"end":{"line":832,"column":90}},"367":{"start":{"line":834,"column":12},"end":{"line":837,"column":35}},"368":{"start":{"line":839,"column":8},"end":{"line":839,"column":56}},"369":{"start":{"line":851,"column":19},"end":{"line":851,"column":23}},"370":{"start":{"line":852,"column":8},"end":{"line":852,"column":32}},"371":{"start":{"line":853,"column":8},"end":{"line":853,"column":37}},"372":{"start":{"line":855,"column":8},"end":{"line":857,"column":9}},"373":{"start":{"line":856,"column":12},"end":{"line":856,"column":19}},"374":{"start":{"line":859,"column":27},"end":{"line":863,"column":9}},"375":{"start":{"line":866,"column":8},"end":{"line":868,"column":9}},"376":{"start":{"line":867,"column":10},"end":{"line":867,"column":47}},"377":{"start":{"line":870,"column":8},"end":{"line":872,"column":9}},"378":{"start":{"line":871,"column":10},"end":{"line":871,"column":81}},"379":{"start":{"line":874,"column":8},"end":{"line":877,"column":23}},"380":{"start":{"line":890,"column":19},"end":{"line":890,"column":23}},"381":{"start":{"line":891,"column":8},"end":{"line":891,"column":32}},"382":{"start":{"line":892,"column":8},"end":{"line":892,"column":37}},"383":{"start":{"line":893,"column":27},"end":{"line":896,"column":9}},"384":{"start":{"line":898,"column":8},"end":{"line":900,"column":9}},"385":{"start":{"line":899,"column":10},"end":{"line":899,"column":84}},"386":{"start":{"line":902,"column":8},"end":{"line":905,"column":26}},"387":{"start":{"line":917,"column":19},"end":{"line":917,"column":23}},"388":{"start":{"line":918,"column":8},"end":{"line":918,"column":32}},"389":{"start":{"line":919,"column":8},"end":{"line":919,"column":37}},"390":{"start":{"line":921,"column":8},"end":{"line":923,"column":9}},"391":{"start":{"line":922,"column":12},"end":{"line":922,"column":19}},"392":{"start":{"line":925,"column":27},"end":{"line":929,"column":9}},"393":{"start":{"line":931,"column":8},"end":{"line":933,"column":9}},"394":{"start":{"line":932,"column":10},"end":{"line":932,"column":92}},"395":{"start":{"line":935,"column":8},"end":{"line":938,"column":34}},"396":{"start":{"line":954,"column":19},"end":{"line":954,"column":23}},"397":{"start":{"line":955,"column":8},"end":{"line":955,"column":32}},"398":{"start":{"line":956,"column":8},"end":{"line":956,"column":37}},"399":{"start":{"line":958,"column":8},"end":{"line":960,"column":9}},"400":{"start":{"line":959,"column":12},"end":{"line":959,"column":19}},"401":{"start":{"line":962,"column":27},"end":{"line":967,"column":9}},"402":{"start":{"line":969,"column":8},"end":{"line":971,"column":9}},"403":{"start":{"line":970,"column":10},"end":{"line":970,"column":42}},"404":{"start":{"line":974,"column":8},"end":{"line":1023,"column":9}},"405":{"start":{"line":975,"column":32},"end":{"line":1007,"column":11}},"406":{"start":{"line":976,"column":29},"end":{"line":976,"column":66}},"407":{"start":{"line":977,"column":23},"end":{"line":983,"column":13}},"408":{"start":{"line":984,"column":12},"end":{"line":997,"column":13}},"409":{"start":{"line":984,"column":25},"end":{"line":984,"column":26}},"410":{"start":{"line":985,"column":14},"end":{"line":996,"column":17}},"411":{"start":{"line":998,"column":34},"end":{"line":998,"column":54}},"412":{"start":{"line":999,"column":33},"end":{"line":999,"column":35}},"413":{"start":{"line":1000,"column":12},"end":{"line":1002,"column":13}},"414":{"start":{"line":1000,"column":25},"end":{"line":1000,"column":26}},"415":{"start":{"line":1001,"column":14},"end":{"line":1001,"column":63}},"416":{"start":{"line":1003,"column":12},"end":{"line":1006,"column":15}},"417":{"start":{"line":1009,"column":10},"end":{"line":1009,"column":58}},"418":{"start":{"line":1011,"column":32},"end":{"line":1020,"column":11}},"419":{"start":{"line":1012,"column":12},"end":{"line":1012,"column":73}},"420":{"start":{"line":1013,"column":12},"end":{"line":1015,"column":13}},"421":{"start":{"line":1014,"column":14},"end":{"line":1014,"column":94}},"422":{"start":{"line":1016,"column":12},"end":{"line":1019,"column":36}},"423":{"start":{"line":1022,"column":10},"end":{"line":1022,"column":58}},"424":{"start":{"line":1035,"column":15},"end":{"line":1035,"column":19}},"425":{"start":{"line":1036,"column":4},"end":{"line":1036,"column":28}},"426":{"start":{"line":1037,"column":4},"end":{"line":1037,"column":33}},"427":{"start":{"line":1039,"column":4},"end":{"line":1041,"column":5}},"428":{"start":{"line":1040,"column":6},"end":{"line":1040,"column":13}},"429":{"start":{"line":1043,"column":23},"end":{"line":1046,"column":5}},"430":{"start":{"line":1049,"column":4},"end":{"line":1053,"column":5}},"431":{"start":{"line":1050,"column":6},"end":{"line":1050,"column":35}},"432":{"start":{"line":1052,"column":6},"end":{"line":1052,"column":73}},"433":{"start":{"line":1055,"column":28},"end":{"line":1055,"column":32}},"434":{"start":{"line":1057,"column":4},"end":{"line":1057,"column":48}},"435":{"start":{"line":1060,"column":4},"end":{"line":1060,"column":53}},"436":{"start":{"line":1062,"column":4},"end":{"line":1064,"column":5}},"437":{"start":{"line":1063,"column":6},"end":{"line":1063,"column":38}},"438":{"start":{"line":1066,"column":4},"end":{"line":1097,"column":5}},"439":{"start":{"line":1067,"column":6},"end":{"line":1069,"column":7}},"440":{"start":{"line":1068,"column":8},"end":{"line":1068,"column":49}},"441":{"start":{"line":1070,"column":6},"end":{"line":1072,"column":7}},"442":{"start":{"line":1071,"column":8},"end":{"line":1071,"column":47}},"443":{"start":{"line":1073,"column":6},"end":{"line":1075,"column":7}},"444":{"start":{"line":1074,"column":8},"end":{"line":1074,"column":43}},"445":{"start":{"line":1076,"column":6},"end":{"line":1078,"column":7}},"446":{"start":{"line":1077,"column":8},"end":{"line":1077,"column":49}},"447":{"start":{"line":1079,"column":6},"end":{"line":1081,"column":7}},"448":{"start":{"line":1080,"column":8},"end":{"line":1080,"column":51}},"449":{"start":{"line":1082,"column":6},"end":{"line":1084,"column":7}},"450":{"start":{"line":1083,"column":8},"end":{"line":1083,"column":45}},"451":{"start":{"line":1085,"column":6},"end":{"line":1087,"column":7}},"452":{"start":{"line":1086,"column":8},"end":{"line":1086,"column":53}},"453":{"start":{"line":1088,"column":6},"end":{"line":1090,"column":7}},"454":{"start":{"line":1089,"column":8},"end":{"line":1089,"column":51}},"455":{"start":{"line":1091,"column":6},"end":{"line":1093,"column":7}},"456":{"start":{"line":1092,"column":8},"end":{"line":1092,"column":45}},"457":{"start":{"line":1094,"column":6},"end":{"line":1096,"column":7}},"458":{"start":{"line":1095,"column":8},"end":{"line":1095,"column":57}},"459":{"start":{"line":1099,"column":4},"end":{"line":1106,"column":5}},"460":{"start":{"line":1100,"column":6},"end":{"line":1102,"column":7}},"461":{"start":{"line":1101,"column":8},"end":{"line":1101,"column":61}},"462":{"start":{"line":1103,"column":6},"end":{"line":1105,"column":7}},"463":{"start":{"line":1104,"column":8},"end":{"line":1104,"column":45}},"464":{"start":{"line":1108,"column":26},"end":{"line":1117,"column":5}},"465":{"start":{"line":1109,"column":6},"end":{"line":1109,"column":67}},"466":{"start":{"line":1110,"column":6},"end":{"line":1112,"column":7}},"467":{"start":{"line":1111,"column":8},"end":{"line":1111,"column":93}},"468":{"start":{"line":1113,"column":6},"end":{"line":1116,"column":23}},"469":{"start":{"line":1119,"column":4},"end":{"line":1119,"column":52}},"470":{"start":{"line":1123,"column":0},"end":{"line":1123,"column":25}}},"fnMap":{"0":{"name":"(anonymous_0)","decl":{"start":{"line":37,"column":2},"end":{"line":37,"column":3}},"loc":{"start":{"line":37,"column":16},"end":{"line":41,"column":3}},"line":37},"1":{"name":"(anonymous_1)","decl":{"start":{"line":42,"column":2},"end":{"line":42,"column":3}},"loc":{"start":{"line":42,"column":26},"end":{"line":44,"column":3}},"line":42},"2":{"name":"(anonymous_2)","decl":{"start":{"line":45,"column":2},"end":{"line":45,"column":3}},"loc":{"start":{"line":45,"column":27},"end":{"line":47,"column":3}},"line":45},"3":{"name":"(anonymous_3)","decl":{"start":{"line":48,"column":2},"end":{"line":48,"column":3}},"loc":{"start":{"line":48,"column":29},"end":{"line":50,"column":3}},"line":48},"4":{"name":"(anonymous_4)","decl":{"start":{"line":51,"column":2},"end":{"line":51,"column":3}},"loc":{"start":{"line":51,"column":29},"end":{"line":53,"column":3}},"line":51},"5":{"name":"(anonymous_5)","decl":{"start":{"line":54,"column":2},"end":{"line":54,"column":3}},"loc":{"start":{"line":54,"column":29},"end":{"line":56,"column":3}},"line":54},"6":{"name":"(anonymous_6)","decl":{"start":{"line":57,"column":2},"end":{"line":57,"column":3}},"loc":{"start":{"line":57,"column":29},"end":{"line":59,"column":3}},"line":57},"7":{"name":"(anonymous_7)","decl":{"start":{"line":60,"column":2},"end":{"line":60,"column":3}},"loc":{"start":{"line":60,"column":18},"end":{"line":155,"column":3}},"line":60},"8":{"name":"(anonymous_8)","decl":{"start":{"line":156,"column":2},"end":{"line":156,"column":3}},"loc":{"start":{"line":156,"column":19},"end":{"line":164,"column":3}},"line":156},"9":{"name":"(anonymous_9)","decl":{"start":{"line":165,"column":2},"end":{"line":165,"column":3}},"loc":{"start":{"line":165,"column":19},"end":{"line":177,"column":3}},"line":165},"10":{"name":"(anonymous_10)","decl":{"start":{"line":178,"column":2},"end":{"line":178,"column":3}},"loc":{"start":{"line":178,"column":13},"end":{"line":180,"column":3}},"line":178},"11":{"name":"(anonymous_11)","decl":{"start":{"line":181,"column":2},"end":{"line":181,"column":3}},"loc":{"start":{"line":181,"column":25},"end":{"line":197,"column":3}},"line":181},"12":{"name":"(anonymous_12)","decl":{"start":{"line":198,"column":2},"end":{"line":198,"column":3}},"loc":{"start":{"line":198,"column":18},"end":{"line":208,"column":3}},"line":198},"13":{"name":"(anonymous_13)","decl":{"start":{"line":209,"column":2},"end":{"line":209,"column":3}},"loc":{"start":{"line":209,"column":22},"end":{"line":211,"column":3}},"line":209},"14":{"name":"(anonymous_14)","decl":{"start":{"line":212,"column":2},"end":{"line":212,"column":3}},"loc":{"start":{"line":212,"column":12},"end":{"line":214,"column":3}},"line":212},"15":{"name":"(anonymous_15)","decl":{"start":{"line":215,"column":2},"end":{"line":215,"column":3}},"loc":{"start":{"line":215,"column":12},"end":{"line":217,"column":3}},"line":215},"16":{"name":"(anonymous_16)","decl":{"start":{"line":218,"column":2},"end":{"line":218,"column":3}},"loc":{"start":{"line":218,"column":19},"end":{"line":220,"column":3}},"line":218},"17":{"name":"(anonymous_17)","decl":{"start":{"line":221,"column":2},"end":{"line":221,"column":3}},"loc":{"start":{"line":221,"column":19},"end":{"line":223,"column":3}},"line":221},"18":{"name":"(anonymous_18)","decl":{"start":{"line":225,"column":2},"end":{"line":225,"column":3}},"loc":{"start":{"line":225,"column":24},"end":{"line":236,"column":3}},"line":225},"19":{"name":"(anonymous_19)","decl":{"start":{"line":244,"column":2},"end":{"line":244,"column":3}},"loc":{"start":{"line":244,"column":42},"end":{"line":276,"column":3}},"line":244},"20":{"name":"(anonymous_20)","decl":{"start":{"line":247,"column":45},"end":{"line":247,"column":46}},"loc":{"start":{"line":247,"column":58},"end":{"line":249,"column":5}},"line":247},"21":{"name":"(anonymous_21)","decl":{"start":{"line":281,"column":4},"end":{"line":281,"column":5}},"loc":{"start":{"line":281,"column":25},"end":{"line":299,"column":5}},"line":281},"22":{"name":"(anonymous_22)","decl":{"start":{"line":304,"column":4},"end":{"line":304,"column":5}},"loc":{"start":{"line":304,"column":11},"end":{"line":306,"column":5}},"line":304},"23":{"name":"(anonymous_23)","decl":{"start":{"line":311,"column":4},"end":{"line":311,"column":5}},"loc":{"start":{"line":311,"column":28},"end":{"line":321,"column":5}},"line":311},"24":{"name":"(anonymous_24)","decl":{"start":{"line":329,"column":4},"end":{"line":329,"column":5}},"loc":{"start":{"line":329,"column":48},"end":{"line":338,"column":5}},"line":329},"25":{"name":"(anonymous_25)","decl":{"start":{"line":342,"column":4},"end":{"line":342,"column":5}},"loc":{"start":{"line":342,"column":43},"end":{"line":349,"column":5}},"line":342},"26":{"name":"(anonymous_26)","decl":{"start":{"line":354,"column":4},"end":{"line":354,"column":5}},"loc":{"start":{"line":354,"column":31},"end":{"line":367,"column":5}},"line":354},"27":{"name":"(anonymous_27)","decl":{"start":{"line":372,"column":4},"end":{"line":372,"column":5}},"loc":{"start":{"line":372,"column":25},"end":{"line":376,"column":5}},"line":372},"28":{"name":"(anonymous_28)","decl":{"start":{"line":373,"column":41},"end":{"line":373,"column":42}},"loc":{"start":{"line":373,"column":53},"end":{"line":373,"column":56}},"line":373},"29":{"name":"(anonymous_29)","decl":{"start":{"line":374,"column":35},"end":{"line":374,"column":36}},"loc":{"start":{"line":374,"column":47},"end":{"line":374,"column":50}},"line":374},"30":{"name":"(anonymous_30)","decl":{"start":{"line":375,"column":43},"end":{"line":375,"column":44}},"loc":{"start":{"line":375,"column":55},"end":{"line":375,"column":58}},"line":375},"31":{"name":"(anonymous_31)","decl":{"start":{"line":384,"column":4},"end":{"line":384,"column":5}},"loc":{"start":{"line":384,"column":35},"end":{"line":392,"column":5}},"line":384},"32":{"name":"(anonymous_32)","decl":{"start":{"line":399,"column":4},"end":{"line":399,"column":5}},"loc":{"start":{"line":399,"column":23},"end":{"line":401,"column":5}},"line":399},"33":{"name":"(anonymous_33)","decl":{"start":{"line":408,"column":4},"end":{"line":408,"column":5}},"loc":{"start":{"line":408,"column":25},"end":{"line":417,"column":5}},"line":408},"34":{"name":"(anonymous_34)","decl":{"start":{"line":424,"column":4},"end":{"line":424,"column":5}},"loc":{"start":{"line":424,"column":38},"end":{"line":429,"column":5}},"line":424},"35":{"name":"(anonymous_35)","decl":{"start":{"line":446,"column":4},"end":{"line":446,"column":5}},"loc":{"start":{"line":446,"column":34},"end":{"line":582,"column":5}},"line":446},"36":{"name":"(anonymous_36)","decl":{"start":{"line":591,"column":4},"end":{"line":591,"column":5}},"loc":{"start":{"line":591,"column":50},"end":{"line":630,"column":5}},"line":591},"37":{"name":"(anonymous_37)","decl":{"start":{"line":595,"column":26},"end":{"line":595,"column":27}},"loc":{"start":{"line":595,"column":41},"end":{"line":602,"column":9}},"line":595},"38":{"name":"(anonymous_38)","decl":{"start":{"line":603,"column":23},"end":{"line":603,"column":24}},"loc":{"start":{"line":603,"column":38},"end":{"line":606,"column":9}},"line":603},"39":{"name":"(anonymous_39)","decl":{"start":{"line":607,"column":27},"end":{"line":607,"column":28}},"loc":{"start":{"line":607,"column":42},"end":{"line":628,"column":9}},"line":607},"40":{"name":"(anonymous_40)","decl":{"start":{"line":635,"column":4},"end":{"line":635,"column":5}},"loc":{"start":{"line":635,"column":76},"end":{"line":652,"column":5}},"line":635},"41":{"name":"(anonymous_41)","decl":{"start":{"line":637,"column":39},"end":{"line":637,"column":40}},"loc":{"start":{"line":637,"column":54},"end":{"line":640,"column":9}},"line":637},"42":{"name":"(anonymous_42)","decl":{"start":{"line":641,"column":47},"end":{"line":641,"column":48}},"loc":{"start":{"line":641,"column":62},"end":{"line":645,"column":9}},"line":641},"43":{"name":"(anonymous_43)","decl":{"start":{"line":663,"column":4},"end":{"line":663,"column":5}},"loc":{"start":{"line":663,"column":25},"end":{"line":668,"column":5}},"line":663},"44":{"name":"(anonymous_44)","decl":{"start":{"line":678,"column":4},"end":{"line":678,"column":5}},"loc":{"start":{"line":678,"column":20},"end":{"line":745,"column":5}},"line":678},"45":{"name":"(anonymous_45)","decl":{"start":{"line":720,"column":30},"end":{"line":720,"column":31}},"loc":{"start":{"line":720,"column":48},"end":{"line":743,"column":9}},"line":720},"46":{"name":"(anonymous_46)","decl":{"start":{"line":755,"column":4},"end":{"line":755,"column":5}},"loc":{"start":{"line":755,"column":27},"end":{"line":805,"column":5}},"line":755},"47":{"name":"(anonymous_47)","decl":{"start":{"line":785,"column":32},"end":{"line":785,"column":33}},"loc":{"start":{"line":785,"column":50},"end":{"line":794,"column":11}},"line":785},"48":{"name":"(anonymous_48)","decl":{"start":{"line":815,"column":4},"end":{"line":815,"column":5}},"loc":{"start":{"line":815,"column":29},"end":{"line":840,"column":5}},"line":815},"49":{"name":"(anonymous_49)","decl":{"start":{"line":829,"column":30},"end":{"line":829,"column":31}},"loc":{"start":{"line":829,"column":48},"end":{"line":838,"column":9}},"line":829},"50":{"name":"(anonymous_50)","decl":{"start":{"line":850,"column":4},"end":{"line":850,"column":5}},"loc":{"start":{"line":850,"column":22},"end":{"line":878,"column":5}},"line":850},"51":{"name":"(anonymous_51)","decl":{"start":{"line":889,"column":4},"end":{"line":889,"column":5}},"loc":{"start":{"line":889,"column":25},"end":{"line":906,"column":5}},"line":889},"52":{"name":"(anonymous_52)","decl":{"start":{"line":916,"column":4},"end":{"line":916,"column":5}},"loc":{"start":{"line":916,"column":33},"end":{"line":939,"column":5}},"line":916},"53":{"name":"(anonymous_53)","decl":{"start":{"line":953,"column":4},"end":{"line":953,"column":5}},"loc":{"start":{"line":953,"column":31},"end":{"line":1024,"column":5}},"line":953},"54":{"name":"(anonymous_54)","decl":{"start":{"line":975,"column":32},"end":{"line":975,"column":33}},"loc":{"start":{"line":975,"column":50},"end":{"line":1007,"column":11}},"line":975},"55":{"name":"(anonymous_55)","decl":{"start":{"line":1011,"column":32},"end":{"line":1011,"column":33}},"loc":{"start":{"line":1011,"column":50},"end":{"line":1020,"column":11}},"line":1011},"56":{"name":"(anonymous_56)","decl":{"start":{"line":1034,"column":2},"end":{"line":1034,"column":3}},"loc":{"start":{"line":1034,"column":21},"end":{"line":1120,"column":3}},"line":1034},"57":{"name":"(anonymous_57)","decl":{"start":{"line":1108,"column":26},"end":{"line":1108,"column":27}},"loc":{"start":{"line":1108,"column":44},"end":{"line":1117,"column":5}},"line":1108}},"branchMap":{"0":{"loc":{"start":{"line":188,"column":4},"end":{"line":190,"column":5}},"type":"if","locations":[{"start":{"line":188,"column":4},"end":{"line":190,"column":5}},{"start":{"line":188,"column":4},"end":{"line":190,"column":5}}],"line":188},"1":{"loc":{"start":{"line":226,"column":4},"end":{"line":231,"column":5}},"type":"if","locations":[{"start":{"line":226,"column":4},"end":{"line":231,"column":5}},{"start":{"line":226,"column":4},"end":{"line":231,"column":5}}],"line":226},"2":{"loc":{"start":{"line":227,"column":6},"end":{"line":229,"column":7}},"type":"if","locations":[{"start":{"line":227,"column":6},"end":{"line":229,"column":7}},{"start":{"line":227,"column":6},"end":{"line":229,"column":7}}],"line":227},"3":{"loc":{"start":{"line":232,"column":4},"end":{"line":234,"column":5}},"type":"if","locations":[{"start":{"line":232,"column":4},"end":{"line":234,"column":5}},{"start":{"line":232,"column":4},"end":{"line":234,"column":5}}],"line":232},"4":{"loc":{"start":{"line":250,"column":4},"end":{"line":252,"column":5}},"type":"if","locations":[{"start":{"line":250,"column":4},"end":{"line":252,"column":5}},{"start":{"line":250,"column":4},"end":{"line":252,"column":5}}],"line":250},"5":{"loc":{"start":{"line":253,"column":4},"end":{"line":255,"column":5}},"type":"if","locations":[{"start":{"line":253,"column":4},"end":{"line":255,"column":5}},{"start":{"line":253,"column":4},"end":{"line":255,"column":5}}],"line":253},"6":{"loc":{"start":{"line":256,"column":4},"end":{"line":258,"column":5}},"type":"if","locations":[{"start":{"line":256,"column":4},"end":{"line":258,"column":5}},{"start":{"line":256,"column":4},"end":{"line":258,"column":5}}],"line":256},"7":{"loc":{"start":{"line":259,"column":4},"end":{"line":261,"column":5}},"type":"if","locations":[{"start":{"line":259,"column":4},"end":{"line":261,"column":5}},{"start":{"line":259,"column":4},"end":{"line":261,"column":5}}],"line":259},"8":{"loc":{"start":{"line":262,"column":4},"end":{"line":264,"column":5}},"type":"if","locations":[{"start":{"line":262,"column":4},"end":{"line":264,"column":5}},{"start":{"line":262,"column":4},"end":{"line":264,"column":5}}],"line":262},"9":{"loc":{"start":{"line":265,"column":4},"end":{"line":267,"column":5}},"type":"if","locations":[{"start":{"line":265,"column":4},"end":{"line":267,"column":5}},{"start":{"line":265,"column":4},"end":{"line":267,"column":5}}],"line":265},"10":{"loc":{"start":{"line":268,"column":4},"end":{"line":270,"column":5}},"type":"if","locations":[{"start":{"line":268,"column":4},"end":{"line":270,"column":5}},{"start":{"line":268,"column":4},"end":{"line":270,"column":5}}],"line":268},"11":{"loc":{"start":{"line":271,"column":4},"end":{"line":273,"column":5}},"type":"if","locations":[{"start":{"line":271,"column":4},"end":{"line":273,"column":5}},{"start":{"line":271,"column":4},"end":{"line":273,"column":5}}],"line":271},"12":{"loc":{"start":{"line":282,"column":8},"end":{"line":284,"column":9}},"type":"if","locations":[{"start":{"line":282,"column":8},"end":{"line":284,"column":9}},{"start":{"line":282,"column":8},"end":{"line":284,"column":9}}],"line":282},"13":{"loc":{"start":{"line":288,"column":12},"end":{"line":290,"column":13}},"type":"if","locations":[{"start":{"line":288,"column":12},"end":{"line":290,"column":13}},{"start":{"line":288,"column":12},"end":{"line":290,"column":13}}],"line":288},"14":{"loc":{"start":{"line":291,"column":12},"end":{"line":293,"column":13}},"type":"if","locations":[{"start":{"line":291,"column":12},"end":{"line":293,"column":13}},{"start":{"line":291,"column":12},"end":{"line":293,"column":13}}],"line":291},"15":{"loc":{"start":{"line":294,"column":12},"end":{"line":296,"column":13}},"type":"if","locations":[{"start":{"line":294,"column":12},"end":{"line":296,"column":13}},{"start":{"line":294,"column":12},"end":{"line":296,"column":13}}],"line":294},"16":{"loc":{"start":{"line":294,"column":16},"end":{"line":294,"column":41}},"type":"binary-expr","locations":[{"start":{"line":294,"column":16},"end":{"line":294,"column":26}},{"start":{"line":294,"column":30},"end":{"line":294,"column":41}}],"line":294},"17":{"loc":{"start":{"line":355,"column":8},"end":{"line":365,"column":9}},"type":"if","locations":[{"start":{"line":355,"column":8},"end":{"line":365,"column":9}},{"start":{"line":355,"column":8},"end":{"line":365,"column":9}}],"line":355},"18":{"loc":{"start":{"line":357,"column":12},"end":{"line":364,"column":13}},"type":"if","locations":[{"start":{"line":357,"column":12},"end":{"line":364,"column":13}},{"start":{"line":357,"column":12},"end":{"line":364,"column":13}}],"line":357},"19":{"loc":{"start":{"line":373,"column":24},"end":{"line":373,"column":56}},"type":"binary-expr","locations":[{"start":{"line":373,"column":24},"end":{"line":373,"column":37}},{"start":{"line":373,"column":41},"end":{"line":373,"column":56}}],"line":373},"20":{"loc":{"start":{"line":374,"column":21},"end":{"line":374,"column":50}},"type":"binary-expr","locations":[{"start":{"line":374,"column":21},"end":{"line":374,"column":31}},{"start":{"line":374,"column":35},"end":{"line":374,"column":50}}],"line":374},"21":{"loc":{"start":{"line":375,"column":25},"end":{"line":375,"column":58}},"type":"binary-expr","locations":[{"start":{"line":375,"column":25},"end":{"line":375,"column":39}},{"start":{"line":375,"column":43},"end":{"line":375,"column":58}}],"line":375},"22":{"loc":{"start":{"line":385,"column":8},"end":{"line":390,"column":9}},"type":"if","locations":[{"start":{"line":385,"column":8},"end":{"line":390,"column":9}},{"start":{"line":385,"column":8},"end":{"line":390,"column":9}}],"line":385},"23":{"loc":{"start":{"line":410,"column":8},"end":{"line":415,"column":9}},"type":"if","locations":[{"start":{"line":410,"column":8},"end":{"line":415,"column":9}},{"start":{"line":410,"column":8},"end":{"line":415,"column":9}}],"line":410},"24":{"loc":{"start":{"line":410,"column":12},"end":{"line":410,"column":66}},"type":"binary-expr","locations":[{"start":{"line":410,"column":12},"end":{"line":410,"column":21}},{"start":{"line":410,"column":25},"end":{"line":410,"column":43}},{"start":{"line":410,"column":47},"end":{"line":410,"column":66}}],"line":410},"25":{"loc":{"start":{"line":447,"column":6},"end":{"line":581,"column":7}},"type":"if","locations":[{"start":{"line":447,"column":6},"end":{"line":581,"column":7}},{"start":{"line":447,"column":6},"end":{"line":581,"column":7}}],"line":447},"26":{"loc":{"start":{"line":452,"column":16},"end":{"line":452,"column":42}},"type":"binary-expr","locations":[{"start":{"line":452,"column":16},"end":{"line":452,"column":34}},{"start":{"line":452,"column":38},"end":{"line":452,"column":42}}],"line":452},"27":{"loc":{"start":{"line":453,"column":19},"end":{"line":453,"column":48}},"type":"binary-expr","locations":[{"start":{"line":453,"column":19},"end":{"line":453,"column":40}},{"start":{"line":453,"column":44},"end":{"line":453,"column":48}}],"line":453},"28":{"loc":{"start":{"line":454,"column":22},"end":{"line":454,"column":86}},"type":"binary-expr","locations":[{"start":{"line":454,"column":22},"end":{"line":454,"column":46}},{"start":{"line":454,"column":50},"end":{"line":454,"column":78}},{"start":{"line":454,"column":82},"end":{"line":454,"column":86}}],"line":454},"29":{"loc":{"start":{"line":455,"column":23},"end":{"line":455,"column":87}},"type":"binary-expr","locations":[{"start":{"line":455,"column":23},"end":{"line":455,"column":47}},{"start":{"line":455,"column":51},"end":{"line":455,"column":79}},{"start":{"line":455,"column":83},"end":{"line":455,"column":87}}],"line":455},"30":{"loc":{"start":{"line":456,"column":21},"end":{"line":456,"column":52}},"type":"binary-expr","locations":[{"start":{"line":456,"column":21},"end":{"line":456,"column":44}},{"start":{"line":456,"column":48},"end":{"line":456,"column":52}}],"line":456},"31":{"loc":{"start":{"line":457,"column":22},"end":{"line":457,"column":54}},"type":"binary-expr","locations":[{"start":{"line":457,"column":22},"end":{"line":457,"column":46}},{"start":{"line":457,"column":50},"end":{"line":457,"column":54}}],"line":457},"32":{"loc":{"start":{"line":458,"column":17},"end":{"line":458,"column":44}},"type":"binary-expr","locations":[{"start":{"line":458,"column":17},"end":{"line":458,"column":36}},{"start":{"line":458,"column":40},"end":{"line":458,"column":44}}],"line":458},"33":{"loc":{"start":{"line":459,"column":20},"end":{"line":459,"column":85}},"type":"binary-expr","locations":[{"start":{"line":459,"column":20},"end":{"line":459,"column":43}},{"start":{"line":459,"column":47},"end":{"line":459,"column":77}},{"start":{"line":459,"column":81},"end":{"line":459,"column":85}}],"line":459},"34":{"loc":{"start":{"line":460,"column":18},"end":{"line":460,"column":81}},"type":"binary-expr","locations":[{"start":{"line":460,"column":18},"end":{"line":460,"column":41}},{"start":{"line":460,"column":45},"end":{"line":460,"column":73}},{"start":{"line":460,"column":77},"end":{"line":460,"column":81}}],"line":460},"35":{"loc":{"start":{"line":461,"column":22},"end":{"line":461,"column":89}},"type":"binary-expr","locations":[{"start":{"line":461,"column":22},"end":{"line":461,"column":45}},{"start":{"line":461,"column":49},"end":{"line":461,"column":81}},{"start":{"line":461,"column":85},"end":{"line":461,"column":89}}],"line":461},"36":{"loc":{"start":{"line":462,"column":22},"end":{"line":462,"column":89}},"type":"binary-expr","locations":[{"start":{"line":462,"column":22},"end":{"line":462,"column":45}},{"start":{"line":462,"column":49},"end":{"line":462,"column":81}},{"start":{"line":462,"column":85},"end":{"line":462,"column":89}}],"line":462},"37":{"loc":{"start":{"line":469,"column":13},"end":{"line":581,"column":7}},"type":"if","locations":[{"start":{"line":469,"column":13},"end":{"line":581,"column":7}},{"start":{"line":469,"column":13},"end":{"line":581,"column":7}}],"line":469},"38":{"loc":{"start":{"line":474,"column":20},"end":{"line":474,"column":51}},"type":"binary-expr","locations":[{"start":{"line":474,"column":20},"end":{"line":474,"column":43}},{"start":{"line":474,"column":47},"end":{"line":474,"column":51}}],"line":474},"39":{"loc":{"start":{"line":475,"column":21},"end":{"line":475,"column":53}},"type":"binary-expr","locations":[{"start":{"line":475,"column":21},"end":{"line":475,"column":45}},{"start":{"line":475,"column":49},"end":{"line":475,"column":53}}],"line":475},"40":{"loc":{"start":{"line":476,"column":22},"end":{"line":476,"column":55}},"type":"binary-expr","locations":[{"start":{"line":476,"column":22},"end":{"line":476,"column":47}},{"start":{"line":476,"column":51},"end":{"line":476,"column":55}}],"line":476},"41":{"loc":{"start":{"line":477,"column":18},"end":{"line":477,"column":47}},"type":"binary-expr","locations":[{"start":{"line":477,"column":18},"end":{"line":477,"column":39}},{"start":{"line":477,"column":43},"end":{"line":477,"column":47}}],"line":477},"42":{"loc":{"start":{"line":478,"column":22},"end":{"line":478,"column":55}},"type":"binary-expr","locations":[{"start":{"line":478,"column":22},"end":{"line":478,"column":47}},{"start":{"line":478,"column":51},"end":{"line":478,"column":55}}],"line":478},"43":{"loc":{"start":{"line":479,"column":16},"end":{"line":479,"column":43}},"type":"binary-expr","locations":[{"start":{"line":479,"column":16},"end":{"line":479,"column":35}},{"start":{"line":479,"column":39},"end":{"line":479,"column":43}}],"line":479},"44":{"loc":{"start":{"line":480,"column":22},"end":{"line":480,"column":88}},"type":"binary-expr","locations":[{"start":{"line":480,"column":22},"end":{"line":480,"column":47}},{"start":{"line":480,"column":51},"end":{"line":480,"column":80}},{"start":{"line":480,"column":84},"end":{"line":480,"column":88}}],"line":480},"45":{"loc":{"start":{"line":481,"column":23},"end":{"line":481,"column":89}},"type":"binary-expr","locations":[{"start":{"line":481,"column":23},"end":{"line":481,"column":48}},{"start":{"line":481,"column":52},"end":{"line":481,"column":81}},{"start":{"line":481,"column":85},"end":{"line":481,"column":89}}],"line":481},"46":{"loc":{"start":{"line":482,"column":22},"end":{"line":482,"column":55}},"type":"binary-expr","locations":[{"start":{"line":482,"column":22},"end":{"line":482,"column":47}},{"start":{"line":482,"column":51},"end":{"line":482,"column":55}}],"line":482},"47":{"loc":{"start":{"line":483,"column":19},"end":{"line":483,"column":49}},"type":"binary-expr","locations":[{"start":{"line":483,"column":19},"end":{"line":483,"column":41}},{"start":{"line":483,"column":45},"end":{"line":483,"column":49}}],"line":483},"48":{"loc":{"start":{"line":484,"column":18},"end":{"line":484,"column":47}},"type":"binary-expr","locations":[{"start":{"line":484,"column":18},"end":{"line":484,"column":39}},{"start":{"line":484,"column":43},"end":{"line":484,"column":47}}],"line":484},"49":{"loc":{"start":{"line":491,"column":13},"end":{"line":581,"column":7}},"type":"if","locations":[{"start":{"line":491,"column":13},"end":{"line":581,"column":7}},{"start":{"line":491,"column":13},"end":{"line":581,"column":7}}],"line":491},"50":{"loc":{"start":{"line":494,"column":19},"end":{"line":494,"column":56}},"type":"binary-expr","locations":[{"start":{"line":494,"column":19},"end":{"line":494,"column":48}},{"start":{"line":494,"column":52},"end":{"line":494,"column":56}}],"line":494},"51":{"loc":{"start":{"line":495,"column":20},"end":{"line":495,"column":96}},"type":"binary-expr","locations":[{"start":{"line":495,"column":20},"end":{"line":495,"column":50}},{"start":{"line":495,"column":54},"end":{"line":495,"column":88}},{"start":{"line":495,"column":92},"end":{"line":495,"column":96}}],"line":495},"52":{"loc":{"start":{"line":496,"column":21},"end":{"line":496,"column":97}},"type":"binary-expr","locations":[{"start":{"line":496,"column":21},"end":{"line":496,"column":51}},{"start":{"line":496,"column":55},"end":{"line":496,"column":89}},{"start":{"line":496,"column":93},"end":{"line":496,"column":97}}],"line":496},"53":{"loc":{"start":{"line":497,"column":18},"end":{"line":497,"column":95}},"type":"binary-expr","locations":[{"start":{"line":497,"column":18},"end":{"line":497,"column":47}},{"start":{"line":497,"column":51},"end":{"line":497,"column":87}},{"start":{"line":497,"column":91},"end":{"line":497,"column":95}}],"line":497},"54":{"loc":{"start":{"line":498,"column":16},"end":{"line":498,"column":111}},"type":"binary-expr","locations":[{"start":{"line":498,"column":16},"end":{"line":498,"column":55}},{"start":{"line":498,"column":59},"end":{"line":498,"column":103}},{"start":{"line":498,"column":107},"end":{"line":498,"column":111}}],"line":498},"55":{"loc":{"start":{"line":499,"column":20},"end":{"line":499,"column":119}},"type":"binary-expr","locations":[{"start":{"line":499,"column":20},"end":{"line":499,"column":59}},{"start":{"line":499,"column":63},"end":{"line":499,"column":111}},{"start":{"line":499,"column":115},"end":{"line":499,"column":119}}],"line":499},"56":{"loc":{"start":{"line":500,"column":18},"end":{"line":500,"column":115}},"type":"binary-expr","locations":[{"start":{"line":500,"column":18},"end":{"line":500,"column":57}},{"start":{"line":500,"column":61},"end":{"line":500,"column":107}},{"start":{"line":500,"column":111},"end":{"line":500,"column":115}}],"line":500},"57":{"loc":{"start":{"line":501,"column":20},"end":{"line":501,"column":119}},"type":"binary-expr","locations":[{"start":{"line":501,"column":20},"end":{"line":501,"column":59}},{"start":{"line":501,"column":63},"end":{"line":501,"column":111}},{"start":{"line":501,"column":115},"end":{"line":501,"column":119}}],"line":501},"58":{"loc":{"start":{"line":502,"column":18},"end":{"line":502,"column":115}},"type":"binary-expr","locations":[{"start":{"line":502,"column":18},"end":{"line":502,"column":57}},{"start":{"line":502,"column":61},"end":{"line":502,"column":107}},{"start":{"line":502,"column":111},"end":{"line":502,"column":115}}],"line":502},"59":{"loc":{"start":{"line":503,"column":25},"end":{"line":503,"column":129}},"type":"binary-expr","locations":[{"start":{"line":503,"column":25},"end":{"line":503,"column":64}},{"start":{"line":503,"column":68},"end":{"line":503,"column":121}},{"start":{"line":503,"column":125},"end":{"line":503,"column":129}}],"line":503},"60":{"loc":{"start":{"line":504,"column":21},"end":{"line":504,"column":125}},"type":"binary-expr","locations":[{"start":{"line":504,"column":21},"end":{"line":504,"column":62}},{"start":{"line":504,"column":66},"end":{"line":504,"column":117}},{"start":{"line":504,"column":121},"end":{"line":504,"column":125}}],"line":504},"61":{"loc":{"start":{"line":505,"column":17},"end":{"line":505,"column":117}},"type":"binary-expr","locations":[{"start":{"line":505,"column":17},"end":{"line":505,"column":58}},{"start":{"line":505,"column":62},"end":{"line":505,"column":109}},{"start":{"line":505,"column":113},"end":{"line":505,"column":117}}],"line":505},"62":{"loc":{"start":{"line":507,"column":8},"end":{"line":535,"column":9}},"type":"if","locations":[{"start":{"line":507,"column":8},"end":{"line":535,"column":9}},{"start":{"line":507,"column":8},"end":{"line":535,"column":9}}],"line":507},"63":{"loc":{"start":{"line":512,"column":18},"end":{"line":512,"column":36}},"type":"binary-expr","locations":[{"start":{"line":512,"column":18},"end":{"line":512,"column":28}},{"start":{"line":512,"column":32},"end":{"line":512,"column":36}}],"line":512},"64":{"loc":{"start":{"line":513,"column":21},"end":{"line":513,"column":42}},"type":"binary-expr","locations":[{"start":{"line":513,"column":21},"end":{"line":513,"column":34}},{"start":{"line":513,"column":38},"end":{"line":513,"column":42}}],"line":513},"65":{"loc":{"start":{"line":514,"column":24},"end":{"line":514,"column":72}},"type":"binary-expr","locations":[{"start":{"line":514,"column":24},"end":{"line":514,"column":40}},{"start":{"line":514,"column":44},"end":{"line":514,"column":64}},{"start":{"line":514,"column":68},"end":{"line":514,"column":72}}],"line":514},"66":{"loc":{"start":{"line":515,"column":25},"end":{"line":515,"column":73}},"type":"binary-expr","locations":[{"start":{"line":515,"column":25},"end":{"line":515,"column":41}},{"start":{"line":515,"column":45},"end":{"line":515,"column":65}},{"start":{"line":515,"column":69},"end":{"line":515,"column":73}}],"line":515},"67":{"loc":{"start":{"line":516,"column":23},"end":{"line":516,"column":46}},"type":"binary-expr","locations":[{"start":{"line":516,"column":23},"end":{"line":516,"column":38}},{"start":{"line":516,"column":42},"end":{"line":516,"column":46}}],"line":516},"68":{"loc":{"start":{"line":517,"column":24},"end":{"line":517,"column":48}},"type":"binary-expr","locations":[{"start":{"line":517,"column":24},"end":{"line":517,"column":40}},{"start":{"line":517,"column":44},"end":{"line":517,"column":48}}],"line":517},"69":{"loc":{"start":{"line":518,"column":22},"end":{"line":518,"column":71}},"type":"binary-expr","locations":[{"start":{"line":518,"column":22},"end":{"line":518,"column":37}},{"start":{"line":518,"column":41},"end":{"line":518,"column":63}},{"start":{"line":518,"column":67},"end":{"line":518,"column":71}}],"line":518},"70":{"loc":{"start":{"line":519,"column":20},"end":{"line":519,"column":67}},"type":"binary-expr","locations":[{"start":{"line":519,"column":20},"end":{"line":519,"column":35}},{"start":{"line":519,"column":39},"end":{"line":519,"column":59}},{"start":{"line":519,"column":63},"end":{"line":519,"column":67}}],"line":519},"71":{"loc":{"start":{"line":520,"column":24},"end":{"line":520,"column":75}},"type":"binary-expr","locations":[{"start":{"line":520,"column":24},"end":{"line":520,"column":39}},{"start":{"line":520,"column":43},"end":{"line":520,"column":67}},{"start":{"line":520,"column":71},"end":{"line":520,"column":75}}],"line":520},"72":{"loc":{"start":{"line":521,"column":24},"end":{"line":521,"column":75}},"type":"binary-expr","locations":[{"start":{"line":521,"column":24},"end":{"line":521,"column":39}},{"start":{"line":521,"column":43},"end":{"line":521,"column":67}},{"start":{"line":521,"column":71},"end":{"line":521,"column":75}}],"line":521},"73":{"loc":{"start":{"line":536,"column":13},"end":{"line":581,"column":7}},"type":"if","locations":[{"start":{"line":536,"column":13},"end":{"line":581,"column":7}},{"start":{"line":536,"column":13},"end":{"line":581,"column":7}}],"line":536},"74":{"loc":{"start":{"line":539,"column":17},"end":{"line":539,"column":45}},"type":"binary-expr","locations":[{"start":{"line":539,"column":17},"end":{"line":539,"column":37}},{"start":{"line":539,"column":41},"end":{"line":539,"column":45}}],"line":539},"75":{"loc":{"start":{"line":540,"column":20},"end":{"line":540,"column":82}},"type":"binary-expr","locations":[{"start":{"line":540,"column":20},"end":{"line":540,"column":43}},{"start":{"line":540,"column":47},"end":{"line":540,"column":74}},{"start":{"line":540,"column":78},"end":{"line":540,"column":82}}],"line":540},"76":{"loc":{"start":{"line":541,"column":21},"end":{"line":541,"column":83}},"type":"binary-expr","locations":[{"start":{"line":541,"column":21},"end":{"line":541,"column":44}},{"start":{"line":541,"column":48},"end":{"line":541,"column":75}},{"start":{"line":541,"column":79},"end":{"line":541,"column":83}}],"line":541},"77":{"loc":{"start":{"line":542,"column":18},"end":{"line":542,"column":81}},"type":"binary-expr","locations":[{"start":{"line":542,"column":18},"end":{"line":542,"column":40}},{"start":{"line":542,"column":44},"end":{"line":542,"column":73}},{"start":{"line":542,"column":77},"end":{"line":542,"column":81}}],"line":542},"78":{"loc":{"start":{"line":543,"column":20},"end":{"line":543,"column":107}},"type":"binary-expr","locations":[{"start":{"line":543,"column":20},"end":{"line":543,"column":53}},{"start":{"line":543,"column":57},"end":{"line":543,"column":99}},{"start":{"line":543,"column":103},"end":{"line":543,"column":107}}],"line":543},"79":{"loc":{"start":{"line":544,"column":16},"end":{"line":544,"column":99}},"type":"binary-expr","locations":[{"start":{"line":544,"column":16},"end":{"line":544,"column":49}},{"start":{"line":544,"column":53},"end":{"line":544,"column":91}},{"start":{"line":544,"column":95},"end":{"line":544,"column":99}}],"line":544},"80":{"loc":{"start":{"line":545,"column":20},"end":{"line":545,"column":107}},"type":"binary-expr","locations":[{"start":{"line":545,"column":20},"end":{"line":545,"column":53}},{"start":{"line":545,"column":57},"end":{"line":545,"column":99}},{"start":{"line":545,"column":103},"end":{"line":545,"column":107}}],"line":545},"81":{"loc":{"start":{"line":546,"column":18},"end":{"line":546,"column":103}},"type":"binary-expr","locations":[{"start":{"line":546,"column":18},"end":{"line":546,"column":51}},{"start":{"line":546,"column":55},"end":{"line":546,"column":95}},{"start":{"li
[...]
:{"line":891,"column":18},"end":{"line":891,"column":31}},"type":"binary-expr","locations":[{"start":{"line":891,"column":18},"end":{"line":891,"column":25}},{"start":{"line":891,"column":29},"end":{"line":891,"column":31}}],"line":891},"138":{"loc":{"start":{"line":898,"column":8},"end":{"line":900,"column":9}},"type":"if","locations":[{"start":{"line":898,"column":8},"end":{"line":900,"column":9}},{"start":{"line":898,"column":8},"end":{"line":900,"column":9}}],"line":898},"139":{"loc":{"start":{"line":918,"column":18},"end":{"line":918,"column":31}},"type":"binary-expr","locations":[{"start":{"line":918,"column":18},"end":{"line":918,"column":25}},{"start":{"line":918,"column":29},"end":{"line":918,"column":31}}],"line":918},"140":{"loc":{"start":{"line":921,"column":8},"end":{"line":923,"column":9}},"type":"if","locations":[{"start":{"line":921,"column":8},"end":{"line":923,"column":9}},{"start":{"line":921,"column":8},"end":{"line":923,"column":9}}],"line":921},"141":{"loc":{"start":{"line":926,"column":16},"end":{"line":926,"column":32}},"type":"binary-expr","locations":[{"start":{"line":926,"column":16},"end":{"line":926,"column":26}},{"start":{"line":926,"column":30},"end":{"line":926,"column":32}}],"line":926},"142":{"loc":{"start":{"line":931,"column":8},"end":{"line":933,"column":9}},"type":"if","locations":[{"start":{"line":931,"column":8},"end":{"line":933,"column":9}},{"start":{"line":931,"column":8},"end":{"line":933,"column":9}}],"line":931},"143":{"loc":{"start":{"line":955,"column":18},"end":{"line":955,"column":31}},"type":"binary-expr","locations":[{"start":{"line":955,"column":18},"end":{"line":955,"column":25}},{"start":{"line":955,"column":29},"end":{"line":955,"column":31}}],"line":955},"144":{"loc":{"start":{"line":958,"column":8},"end":{"line":960,"column":9}},"type":"if","locations":[{"start":{"line":958,"column":8},"end":{"line":960,"column":9}},{"start":{"line":958,"column":8},"end":{"line":960,"column":9}}],"line":958},"145":{"loc":{"start":{"line":963,"column":18},"end":{"line":963,"column":43}},"type":"binary-expr","locations":[{"start":{"line":963,"column":18},"end":{"line":963,"column":30}},{"start":{"line":963,"column":34},"end":{"line":963,"column":43}}],"line":963},"146":{"loc":{"start":{"line":969,"column":8},"end":{"line":971,"column":9}},"type":"if","locations":[{"start":{"line":969,"column":8},"end":{"line":971,"column":9}},{"start":{"line":969,"column":8},"end":{"line":971,"column":9}}],"line":969},"147":{"loc":{"start":{"line":974,"column":8},"end":{"line":1023,"column":9}},"type":"if","locations":[{"start":{"line":974,"column":8},"end":{"line":1023,"column":9}},{"start":{"line":974,"column":8},"end":{"line":1023,"column":9}}],"line":974},"148":{"loc":{"start":{"line":1013,"column":12},"end":{"line":1015,"column":13}},"type":"if","locations":[{"start":{"line":1013,"column":12},"end":{"line":1015,"column":13}},{"start":{"line":1013,"column":12},"end":{"line":1015,"column":13}}],"line":1013},"149":{"loc":{"start":{"line":1036,"column":14},"end":{"line":1036,"column":27}},"type":"binary-expr","locations":[{"start":{"line":1036,"column":14},"end":{"line":1036,"column":21}},{"start":{"line":1036,"column":25},"end":{"line":1036,"column":27}}],"line":1036},"150":{"loc":{"start":{"line":1039,"column":4},"end":{"line":1041,"column":5}},"type":"if","locations":[{"start":{"line":1039,"column":4},"end":{"line":1041,"column":5}},{"start":{"line":1039,"column":4},"end":{"line":1041,"column":5}}],"line":1039},"151":{"loc":{"start":{"line":1049,"column":4},"end":{"line":1053,"column":5}},"type":"if","locations":[{"start":{"line":1049,"column":4},"end":{"line":1053,"column":5}},{"start":{"line":1049,"column":4},"end":{"line":1053,"column":5}}],"line":1049},"152":{"loc":{"start":{"line":1057,"column":19},"end":{"line":1057,"column":47}},"type":"binary-expr","locations":[{"start":{"line":1057,"column":19},"end":{"line":1057,"column":31}},{"start":{"line":1057,"column":35},"end":{"line":1057,"column":47}}],"line":1057},"153":{"loc":{"start":{"line":1062,"column":4},"end":{"line":1064,"column":5}},"type":"if","locations":[{"start":{"line":1062,"column":4},"end":{"line":1064,"column":5}},{"start":{"line":1062,"column":4},"end":{"line":1064,"column":5}}],"line":1062},"154":{"loc":{"start":{"line":1066,"column":4},"end":{"line":1097,"column":5}},"type":"if","locations":[{"start":{"line":1066,"column":4},"end":{"line":1097,"column":5}},{"start":{"line":1066,"column":4},"end":{"line":1097,"column":5}}],"line":1066},"155":{"loc":{"start":{"line":1067,"column":6},"end":{"line":1069,"column":7}},"type":"if","locations":[{"start":{"line":1067,"column":6},"end":{"line":1069,"column":7}},{"start":{"line":1067,"column":6},"end":{"line":1069,"column":7}}],"line":1067},"156":{"loc":{"start":{"line":1070,"column":6},"end":{"line":1072,"column":7}},"type":"if","locations":[{"start":{"line":1070,"column":6},"end":{"line":1072,"column":7}},{"start":{"line":1070,"column":6},"end":{"line":1072,"column":7}}],"line":1070},"157":{"loc":{"start":{"line":1073,"column":6},"end":{"line":1075,"column":7}},"type":"if","locations":[{"start":{"line":1073,"column":6},"end":{"line":1075,"column":7}},{"start":{"line":1073,"column":6},"end":{"line":1075,"column":7}}],"line":1073},"158":{"loc":{"start":{"line":1076,"column":6},"end":{"line":1078,"column":7}},"type":"if","locations":[{"start":{"line":1076,"column":6},"end":{"line":1078,"column":7}},{"start":{"line":1076,"column":6},"end":{"line":1078,"column":7}}],"line":1076},"159":{"loc":{"start":{"line":1079,"column":6},"end":{"line":1081,"column":7}},"type":"if","locations":[{"start":{"line":1079,"column":6},"end":{"line":1081,"column":7}},{"start":{"line":1079,"column":6},"end":{"line":1081,"column":7}}],"line":1079},"160":{"loc":{"start":{"line":1082,"column":6},"end":{"line":1084,"column":7}},"type":"if","locations":[{"start":{"line":1082,"column":6},"end":{"line":1084,"column":7}},{"start":{"line":1082,"column":6},"end":{"line":1084,"column":7}}],"line":1082},"161":{"loc":{"start":{"line":1085,"column":6},"end":{"line":1087,"column":7}},"type":"if","locations":[{"start":{"line":1085,"column":6},"end":{"line":1087,"column":7}},{"start":{"line":1085,"column":6},"end":{"line":1087,"column":7}}],"line":1085},"162":{"loc":{"start":{"line":1088,"column":6},"end":{"line":1090,"column":7}},"type":"if","locations":[{"start":{"line":1088,"column":6},"end":{"line":1090,"column":7}},{"start":{"line":1088,"column":6},"end":{"line":1090,"column":7}}],"line":1088},"163":{"loc":{"start":{"line":1091,"column":6},"end":{"line":1093,"column":7}},"type":"if","locations":[{"start":{"line":1091,"column":6},"end":{"line":1093,"column":7}},{"start":{"line":1091,"column":6},"end":{"line":1093,"column":7}}],"line":1091},"164":{"loc":{"start":{"line":1094,"column":6},"end":{"line":1096,"column":7}},"type":"if","locations":[{"start":{"line":1094,"column":6},"end":{"line":1096,"column":7}},{"start":{"line":1094,"column":6},"end":{"line":1096,"column":7}}],"line":1094},"165":{"loc":{"start":{"line":1099,"column":4},"end":{"line":1106,"column":5}},"type":"if","locations":[{"start":{"line":1099,"column":4},"end":{"line":1106,"column":5}},{"start":{"line":1099,"column":4},"end":{"line":1106,"column":5}}],"line":1099},"166":{"loc":{"start":{"line":1100,"column":6},"end":{"line":1102,"column":7}},"type":"if","locations":[{"start":{"line":1100,"column":6},"end":{"line":1102,"column":7}},{"start":{"line":1100,"column":6},"end":{"line":1102,"column":7}}],"line":1100},"167":{"loc":{"start":{"line":1103,"column":6},"end":{"line":1105,"column":7}},"type":"if","locations":[{"start":{"line":1103,"column":6},"end":{"line":1105,"column":7}},{"start":{"line":1103,"column":6},"end":{"line":1105,"column":7}}],"line":1103},"168":{"loc":{"start":{"line":1110,"column":6},"end":{"line":1112,"column":7}},"type":"if","locations":[{"start":{"line":1110,"column":6},"end":{"line":1112,"column":7}},{"start":{"line":1110,"column":6},"end":{"line":1112,"column":7}}],"line":1110}},"s":{"0":1,"1":1,"2":1,"3":1,"4":1,"5":1,"6":1,"7":1,"8":1,"9":1,"10":1,"11":1,"12":0,"13":0,"14":0,"15":0,"16":0,"17":0,"18":0,"19":0,"20":0,"21":0,"22":0,"23":0,"24":0,"25":0,"26":0,"27":0,"28":0,"29":0,"30":0,"31":0,"32":0,"33":0,"34":0,"35":0,"36":0,"37":0,"38":0,"39":0,"40":0,"41":0,"42":0,"43":0,"44":0,"45":0,"46":0,"47":0,"48":0,"49":0,"50":0,"51":0,"52":0,"53":0,"54":0,"55":0,"56":0,"57":0,"58":0,"59":0,"60":0,"61":0,"62":0,"63":0,"64":0,"65":0,"66":0,"67":0,"68":0,"69":0,"70":0,"71":0,"72":0,"73":0,"74":0,"75":0,"76":0,"77":0,"78":0,"79":0,"80":0,"81":0,"82":0,"83":0,"84":0,"85":0,"86":0,"87":0,"88":0,"89":0,"90":0,"91":0,"92":0,"93":0,"94":0,"95":0,"96":0,"97":0,"98":0,"99":0,"100":0,"101":0,"102":0,"103":0,"104":0,"105":0,"106":0,"107":0,"108":0,"109":0,"110":0,"111":0,"112":0,"113":0,"114":0,"115":0,"116":0,"117":0,"118":0,"119":0,"120":0,"121":0,"122":0,"123":0,"124":0,"125":0,"126":0,"127":0,"128":0,"129":0,"130":0,"131":0,"132":0,"133":0,"134":0,"135":0,"136":0,"137":0,"138":0,"139":0,"140":0,"141":0,"142":0,"143":0,"144":0,"145":0,"146":0,"147":0,"148":0,"149":0,"150":0,"151":0,"152":0,"153":0,"154":0,"155":0,"156":0,"157":0,"158":0,"159":0,"160":0,"161":0,"162":0,"163":0,"164":0,"165":0,"166":0,"167":0,"168":0,"169":0,"170":0,"171":0,"172":0,"173":0,"174":0,"175":0,"176":0,"177":0,"178":0,"179":0,"180":0,"181":0,"182":0,"183":0,"184":0,"185":0,"186":0,"187":0,"188":0,"189":0,"190":0,"191":0,"192":0,"193":0,"194":0,"195":0,"196":0,"197":0,"198":0,"199":0,"200":0,"201":0,"202":0,"203":0,"204":0,"205":0,"206":0,"207":0,"208":0,"209":0,"210":0,"211":0,"212":0,"213":0,"214":0,"215":0,"216":0,"217":0,"218":0,"219":0,"220":0,"221":0,"222":0,"223":0,"224":0,"225":0,"226":0,"227":0,"228":0,"229":0,"230":0,"231":0,"232":0,"233":0,"234":0,"235":0,"236":0,"237":0,"238":0,"239":0,"240":0,"241":0,"242":0,"243":0,"244":0,"245":0,"246":0,"247":0,"248":0,"249":0,"250":0,"251":0,"252":0,"253":0,"254":0,"255":0,"256":0,"257":0,"258":0,"259":0,"260":0,"261":0,"262":0,"263":0,"264":0,"265":0,"266":0,"267":0,"268":0,"269":0,"270":0,"271":0,"272":0,"273":0,"274":0,"275":0,"276":0,"277":0,"278":0,"279":0,"280":0,"281":0,"282":0,"283":0,"284":0,"285":0,"286":0,"287":0,"288":0,"289":0,"290":0,"291":0,"292":0,"293":0,"294":0,"295":0,"296":0,"297":0,"298":0,"299":0,"300":0,"301":0,"302":0,"303":0,"304":0,"305":0,"306":0,"307":0,"308":0,"309":0,"310":0,"311":0,"312":0,"313":0,"314":0,"315":0,"316":0,"317":0,"318":0,"319":0,"320":0,"321":0,"322":0,"323":0,"324":0,"325":0,"326":0,"327":0,"328":0,"329":0,"330":0,"331":0,"332":0,"333":0,"334":0,"335":0,"336":0,"337":0,"338":0,"339":0,"340":0,"341":0,"342":0,"343":0,"344":0,"345":0,"346":0,"347":0,"348":0,"349":0,"350":0,"351":0,"352":0,"353":0,"354":0,"355":0,"356":0,"357":0,"358":0,"359":0,"360":0,"361":0,"362":0,"363":0,"364":0,"365":0,"366":0,"367":0,"368":0,"369":0,"370":0,"371":0,"372":0,"373":0,"374":0,"375":0,"376":0,"377":0,"378":0,"379":0,"380":0,"381":0,"382":0,"383":0,"384":0,"385":0,"386":0,"387":0,"388":0,"389":0,"390":0,"391":0,"392":0,"393":0,"394":0,"395":0,"396":0,"397":0,"398":0,"399":0,"400":0,"401":0,"402":0,"403":0,"404":0,"405":0,"406":0,"407":0,"408":0,"409":0,"410":0,"411":0,"412":0,"413":0,"414":0,"415":0,"416":0,"417":0,"418":0,"419":0,"420":0,"421":0,"422":0,"423":0,"424":0,"425":0,"426":0,"427":0,"428":0,"429":0,"430":0,"431":0,"432":0,"433":0,"434":0,"435":0,"436":0,"437":0,"438":0,"439":0,"440":0,"441":0,"442":0,"443":0,"444":0,"445":0,"446":0,"447":0,"448":0,"449":0,"450":0,"451":0,"452":0,"453":0,"454":0,"455":0,"456":0,"457":0,"458":0,"459":0,"460":0,"461":0,"462":0,"463":0,"464":0,"465":0,"466":0,"467":0,"468":0,"469":0,"470":1},"f":{"0":0,"1":0,"2":0,"3":0,"4":0,"5":0,"6":0,"7":0,"8":0,"9":0,"10":0,"11":0,"12":0,"13":0,"14":0,"15":0,"16":0,"17":0,"18":0,"19":0,"20":0,"21":0,"22":0,"23":0,"24":0,"25":0,"26":0,"27":0,"28":0,"29":0,"30":0,"31":0,"32":0,"33":0,"34":0,"35":0,"36":0,"37":0,"38":0,"39":0,"40":0,"41":0,"42":0,"43":0,"44":0,"45":0,"46":0,"47":0,"48":0,"49":0,"50":0,"51":0,"52":0,"53":0,"54":0,"55":0,"56":0,"57":0},"b":{"0":[0,0],"1":[0,0],"2":[0,0],"3":[0,0],"4":[0,0],"5":[0,0],"6":[0,0],"7":[0,0],"8":[0,0],"9":[0,0],"10":[0,0],"11":[0,0],"12":[0,0],"13":[0,0],"14":[0,0],"15":[0,0],"16":[0,0],"17":[0,0],"18":[0,0],"19":[0,0],"20":[0,0],"21":[0,0],"22":[0,0],"23":[0,0],"24":[0,0,0],"25":[0,0],"26":[0,0],"27":[0,0],"28":[0,0,0],"29":[0,0,0],"30":[0,0],"31":[0,0],"32":[0,0],"33":[0,0,0],"34":[0,0,0],"35":[0,0,0],"36":[0,0,0],"37":[0,0],"38":[0,0],"39":[0,0],"40":[0,0],"41":[0,0],"42":[0,0],"43":[0,0],"44":[0,0,0],"45":[0,0,0],"46":[0,0],"47":[0,0],"48":[0,0],"49":[0,0],"50":[0,0],"51":[0,0,0],"52":[0,0,0],"53":[0,0,0],"54":[0,0,0],"55":[0,0,0],"56":[0,0,0],"57":[0,0,0],"58":[0,0,0],"59":[0,0,0],"60":[0,0,0],"61":[0,0,0],"62":[0,0],"63":[0,0],"64":[0,0],"65":[0,0,0],"66":[0,0,0],"67":[0,0],"68":[0,0],"69":[0,0,0],"70":[0,0,0],"71":[0,0,0],"72":[0,0,0],"73":[0,0],"74":[0,0],"75":[0,0,0],"76":[0,0,0],"77":[0,0,0],"78":[0,0,0],"79":[0,0,0],"80":[0,0,0],"81":[0,0,0],"82":[0,0,0],"83":[0,0],"84":[0,0],"85":[0,0],"86":[0,0],"87":[0,0],"88":[0,0],"89":[0,0,0],"90":[0,0],"91":[0,0],"92":[0,0],"93":[0,0],"94":[0,0],"95":[0,0],"96":[0,0],"97":[0,0],"98":[0,0],"99":[0,0],"100":[0,0],"101":[0,0],"102":[0,0],"103":[0,0],"104":[0,0],"105":[0,0],"106":[0,0],"107":[0,0],"108":[0,0],"109":[0,0],"110":[0,0],"111":[0,0],"112":[0,0],"113":[0,0],"114":[0,0],"115":[0,0],"116":[0,0],"117":[0,0],"118":[0,0],"119":[0,0],"120":[0,0],"121":[0,0],"122":[0,0],"123":[0,0],"124":[0,0],"125":[0,0],"126":[0,0],"127":[0,0],"128":[0,0],"129":[0,0],"130":[0,0],"131":[0,0],"132":[0,0],"133":[0,0],"134":[0,0],"135":[0,0],"136":[0,0],"137":[0,0],"138":[0,0],"139":[0,0],"140":[0,0],"141":[0,0],"142":[0,0],"143":[0,0],"144":[0,0],"145":[0,0],"146":[0,0],"147":[0,0],"148":[0,0],"149":[0,0],"150":[0,0],"151":[0,0],"152":[0,0],"153":[0,0],"154":[0,0],"155":[0,0],"156":[0,0],"157":[0,0],"158":[0,0],"159":[0,0],"160":[0,0],"161":[0,0],"162":[0,0],"163":[0,0],"164":[0,0],"165":[0,0],"166":[0,0],"167":[0,0],"168":[0,0]},"_coverageSchema":"1a1c01bbd47fc00a2c39e90264f33305004495a9","hash":"7bacda212f98c72a0a0a969fa0cc38605b66af1e"}
,"/Users/terry/Desktop/works2020/ARS/src/mock/api.ts": {"path":"/Users/terry/Desktop/works2020/ARS/src/mock/api.ts","statementMap":{"0":{"start":{"line":3,"column":14},"end":{"line":10,"column":2}},"1":{"start":{"line":12,"column":39},"end":{"line":89,"column":2}},"2":{"start":{"line":91,"column":16},"end":{"line":91,"column":52}},"3":{"start":{"line":92,"column":16},"end":{"line":92,"column":20}},"4":{"start":{"line":93,"column":29},"end":{"line":93,"column":47}},"5":{"start":{"line":94,"column":2},"end":{"line":94,"column":22}},"6":{"start":{"line":95,"column":2},"end":{"line":95,"column":19}},"7":{"start":{"line":97,"column":2},"end":{"line":105,"column":null}},"8":{"start":{"line":98,"column":4},"end":{"line":98,"column":21}},"9":{"start":{"line":99,"column":9},"end":{"line":105,"column":null}},"10":{"start":{"line":100,"column":4},"end":{"line":100,"column":21}},"11":{"start":{"line":101,"column":9},"end":{"line":105,"column":null}},"12":{"start":{"line":102,"column":4},"end":{"line":102,"column":17}},"13":{"start":{"line":103,"column":9},"end":{"line":105,"column":null}},"14":{"start":{"line":104,"column":4},"end":{"line":104,"column":20}},"15":{"start":{"line":106,"column":2},"end":{"line":106,"column":33}},"16":{"start":{"line":149,"column":23},"end":{"line":149,"column":37}},"17":{"start":{"line":109,"column":28},"end":{"line":113,"column":4}},"18":{"start":{"line":114,"column":16},"end":{"line":114,"column":20}},"19":{"start":{"line":116,"column":2},"end":{"line":123,"column":null}},"20":{"start":{"line":117,"column":4},"end":{"line":117,"column":40}},"21":{"start":{"line":118,"column":4},"end":{"line":118,"column":40}},"22":{"start":{"line":119,"column":4},"end":{"line":119,"column":25}},"23":{"start":{"line":120,"column":9},"end":{"line":123,"column":null}},"24":{"start":{"line":122,"column":4},"end":{"line":122,"column":20}},"25":{"start":{"line":124,"column":2},"end":{"line":124,"column":34}},"26":{"start":{"line":149,"column":9},"end":{"line":149,"column":21}},"27":{"start":{"line":128,"column":2},"end":{"line":147,"column":5}},"28":{"start":{"line":129,"column":4},"end":{"line":146,"column":13}},"29":{"start":{"line":130,"column":36},"end":{"line":137,"column":8}},"30":{"start":{"line":138,"column":6},"end":{"line":145,"column":null}},"31":{"start":{"line":139,"column":8},"end":{"line":139,"column":21}},"32":{"start":{"line":141,"column":8},"end":{"line":141,"column":30}},"33":{"start":{"line":142,"column":8},"end":{"line":142,"column":34}},"34":{"start":{"line":143,"column":8},"end":{"line":143,"column":28}},"35":{"start":{"line":144,"column":8},"end":{"line":144,"column":21}}},"fnMap":{"0":{"name":"waybillRequest","decl":{"start":{"line":90,"column":9},"end":{"line":90,"column":23}},"loc":{"start":{"line":90,"column":35},"end":{"line":107,"column":1}}},"1":{"name":"loginRequest","decl":{"start":{"line":108,"column":9},"end":{"line":108,"column":21}},"loc":{"start":{"line":108,"column":38},"end":{"line":125,"column":1}}},"2":{"name":"request","decl":{"start":{"line":127,"column":9},"end":{"line":127,"column":16}},"loc":{"start":{"line":127,"column":66},"end":{"line":148,"column":1}}},"3":{"name":"(anonymous_3)","decl":{"start":{"line":128,"column":21},"end":{"line":128,"column":22}},"loc":{"start":{"line":128,"column":34},"end":{"line":147,"column":3}}},"4":{"name":"(anonymous_4)","decl":{"start":{"line":129,"column":15},"end":{"line":129,"column":18}},"loc":{"start":{"line":129,"column":20},"end":{"line":146,"column":5}}}},"branchMap":{"0":{"loc":{"start":{"line":97,"column":2},"end":{"line":105,"column":null}},"type":"if","locations":[{"start":{"line":97,"column":2},"end":{"line":105,"column":null}},{"start":{"line":97,"column":2},"end":{"line":105,"column":null}}]},"1":{"loc":{"start":{"line":99,"column":9},"end":{"line":105,"column":null}},"type":"if","locations":[{"start":{"line":99,"column":9},"end":{"line":105,"column":null}},{"start":{"line":99,"column":9},"end":{"line":105,"column":null}}]},"2":{"loc":{"start":{"line":101,"column":9},"end":{"line":105,"column":null}},"type":"if","locations":[{"start":{"line":101,"column":9},"end":{"line":105,"column":null}},{"start":{"line":101,"column":9},"end":{"line":105,"column":null}}]},"3":{"loc":{"start":{"line":103,"column":9},"end":{"line":105,"column":null}},"type":"if","locations":[{"start":{"line":103,"column":9},"end":{"line":105,"column":null}},{"start":{"line":103,"column":9},"end":{"line":105,"column":null}}]},"4":{"loc":{"start":{"line":116,"column":2},"end":{"line":123,"column":null}},"type":"if","locations":[{"start":{"line":116,"column":2},"end":{"line":123,"column":null}},{"start":{"line":116,"column":2},"end":{"line":123,"column":null}}]},"5":{"loc":{"start":{"line":116,"column":6},"end":{"line":116,"column":30}},"type":"binary-expr","locations":[{"start":{"line":116,"column":6},"end":{"line":116,"column":30}},{"start":{"line":116,"column":34},"end":{"line":116,"column":49}}]},"6":{"loc":{"start":{"line":120,"column":9},"end":{"line":123,"column":null}},"type":"if","locations":[{"start":{"line":120,"column":9},"end":{"line":123,"column":null}},{"start":{"line":120,"column":9},"end":{"line":123,"column":null}}]},"7":{"loc":{"start":{"line":138,"column":6},"end":{"line":145,"column":null}},"type":"if","locations":[{"start":{"line":138,"column":6},"end":{"line":145,"column":null}},{"start":{"line":138,"column":6},"end":{"line":145,"column":null}}]}},"s":{"0":2,"1":2,"2":5,"3":5,"4":5,"5":5,"6":5,"7":5,"8":1,"9":4,"10":1,"11":3,"12":1,"13":2,"14":1,"15":5,"16":2,"17":9,"18":9,"19":9,"20":2,"21":2,"22":2,"23":7,"24":2,"25":9,"26":2,"27":14,"28":14,"29":14,"30":14,"31":11,"32":3,"33":3,"34":3,"35":3},"f":{"0":5,"1":9,"2":14,"3":14,"4":14},"b":{"0":[1,4],"1":[1,3],"2":[1,2],"3":[1,1],"4":[2,7],"5":[9,4],"6":[2,5],"7":[11,3]}}
}
