TN:
SF:src\controllers\rest.ts
FN:26,confirmWaybill
FN:31,(anonymous_1)
FN:32,(anonymous_2)
FN:56,getWaybill
FN:58,(anonymous_4)
FN:59,(anonymous_5)
FN:173,getWbPhotos
FN:181,saveUserInfo
FN:192,userLogin
FN:199,(anonymous_9)
FN:200,(anonymous_10)
FN:239,taroRequest
FNF:12
FNH:9
FNDA:1,confirmWaybill
FNDA:1,(anonymous_1)
FNDA:1,(anonymous_2)
FNDA:4,getWaybill
FNDA:4,(anonymous_4)
FNDA:4,(anonymous_5)
FNDA:0,getWbPhotos
FNDA:0,saveUserInfo
FNDA:4,userLogin
FNDA:4,(anonymous_9)
FNDA:4,(anonymous_10)
FNDA:0,taroRequest
DA:1,1
DA:4,1
DA:5,1
DA:6,1
DA:7,1
DA:27,1
DA:29,1
DA:31,1
DA:32,1
DA:34,1
DA:45,0
DA:51,0
DA:52,0
DA:57,4
DA:58,4
DA:59,4
DA:61,4
DA:68,4
DA:69,1
DA:78,3
DA:169,0
DA:174,0
DA:175,0
DA:176,0
DA:177,0
DA:182,0
DA:183,0
DA:189,0
DA:193,4
DA:196,4
DA:198,4
DA:199,4
DA:200,4
DA:202,4
DA:203,1
DA:204,1
DA:205,1
DA:207,3
DA:208,3
DA:209,3
DA:213,4
DA:217,0
DA:227,0
DA:228,0
DA:229,0
DA:230,0
DA:236,0
DA:240,0
DA:241,0
DA:243,0
DA:249,0
DA:253,1
DA:254,1
DA:255,1
DA:256,1
DA:257,1
DA:258,1
LF:57
LH:36
BRDA:7,0,0,1
BRDA:7,0,1,0
BRDA:29,1,0,1
BRDA:29,1,1,0
BRDA:57,2,0,4
BRDA:57,2,1,0
BRDA:61,3,0,1
BRDA:61,3,1,3
BRDA:61,4,0,1
BRDA:61,4,1,2
BRDA:68,5,0,1
BRDA:68,5,1,3
BRDA:174,6,0,0
BRDA:174,6,1,0
BRDA:198,7,0,4
BRDA:198,7,1,0
BRDA:202,8,0,1
BRDA:202,8,1,3
BRDA:202,9,0,4
BRDA:202,9,1,2
BRDA:227,10,0,0
BRDA:227,10,1,0
BRDA:240,11,0,0
BRDA:240,11,1,0
BRDA:245,12,0,0
BRDA:245,12,1,0
BRDA:246,13,0,0
BRDA:246,13,1,0
BRF:28
BRH:14
end_of_record
