TN:
SF:src\controllers\rest.ts
FN:34,confirmWaybill
FN:39,(anonymous_1)
FN:40,(anonymous_2)
FN:64,getWaybill
FN:74,getWbPhotos
FN:87,saveUserInfo
FN:98,userLogin
FN:118,taroRequest
FNF:8
FNH:7
FNDA:1,confirmWaybill
FNDA:1,(anonymous_1)
FNDA:1,(anonymous_2)
FNDA:10,getWaybill
FNDA:5,getWbPhotos
FNDA:0,saveUserInfo
FNDA:9,userLogin
FNDA:24,taroRequest
DA:1,3
DA:10,3
DA:12,3
DA:13,3
DA:14,3
DA:15,3
DA:35,1
DA:37,1
DA:39,1
DA:40,1
DA:42,1
DA:53,0
DA:59,0
DA:60,0
DA:65,10
DA:71,8
DA:75,5
DA:76,5
DA:83,5
DA:88,0
DA:89,0
DA:95,0
DA:102,9
DA:115,7
DA:120,24
DA:122,24
DA:123,9
DA:124,15
DA:125,10
DA:126,5
DA:127,5
DA:130,0
DA:137,20
DA:141,3
DA:142,3
DA:143,3
DA:144,3
DA:145,3
DA:146,3
LF:39
LH:32
BRDA:15,0,0,3
BRDA:15,0,1,0
BRDA:37,1,0,1
BRDA:37,1,1,0
BRDA:75,2,0,5
BRDA:75,2,1,0
BRDA:120,3,0,24
BRDA:120,3,1,0
BRDA:122,4,0,9
BRDA:122,4,1,15
BRDA:124,5,0,10
BRDA:124,5,1,5
BRDA:126,6,0,5
BRDA:126,6,1,0
BRDA:132,7,0,0
BRDA:132,7,1,0
BRDA:133,8,0,0
BRDA:133,8,1,0
BRDA:134,9,0,0
BRDA:134,9,1,0
BRF:20
BRH:9
end_of_record
TN:
SF:src\controllers\users.ts
FN:7,getDriverLocation
FN:12,(anonymous_1)
FN:20,(anonymous_2)
FN:28,(anonymous_3)
FN:46,getWxOpenId
FN:48,(anonymous_5)
FN:54,(anonymous_6)
FN:66,getUserInfo
FN:100,doLogin
FN:118,(anonymous_9)
FNF:10
FNH:2
FNDA:0,getDriverLocation
FNDA:0,(anonymous_1)
FNDA:0,(anonymous_2)
FNDA:0,(anonymous_3)
FNDA:0,getWxOpenId
FNDA:0,(anonymous_5)
FNDA:0,(anonymous_6)
FNDA:0,getUserInfo
FNDA:4,doLogin
FNDA:4,(anonymous_9)
DA:1,1
DA:3,1
DA:4,1
DA:8,0
DA:10,0
DA:13,0
DA:16,0
DA:17,0
DA:18,0
DA:21,0
DA:22,0
DA:29,0
DA:47,0
DA:49,0
DA:50,0
DA:55,0
DA:56,0
DA:57,0
DA:58,0
DA:59,0
DA:67,0
DA:68,0
DA:69,0
DA:70,0
DA:72,0
DA:102,4
DA:104,4
DA:105,4
DA:107,1
DA:108,1
DA:111,4
DA:112,4
DA:113,3
DA:114,3
DA:116,3
DA:118,4
DA:119,4
DA:120,3
DA:123,1
DA:128,1
LF:40
LH:18
BRDA:19,0,0,0
BRDA:19,0,1,0
BRDA:112,1,0,3
BRDA:112,1,1,1
BRDA:113,2,0,3
BRDA:113,2,1,0
BRDA:119,3,0,3
BRDA:119,3,1,1
BRF:8
BRH:5
end_of_record
TN:
SF:src\controllers\waybill.ts
FN:10,loadWaybill
FN:74,(anonymous_1)
FN:88,(anonymous_2)
FN:97,(anonymous_3)
FNF:4
FNH:4
FNDA:5,loadWaybill
FNDA:24,(anonymous_1)
FNDA:4,(anonymous_2)
FNDA:5,(anonymous_3)
DA:1,1
DA:13,5
DA:14,5
DA:15,5
DA:16,5
DA:28,5
DA:29,5
DA:31,1
DA:34,5
DA:35,5
DA:38,0
DA:42,5
DA:43,3
DA:44,3
DA:45,3
DA:47,1
DA:48,1
DA:50,0
DA:51,0
DA:53,0
DA:54,0
DA:56,0
DA:57,0
DA:59,1
DA:60,1
DA:62,1
DA:63,1
DA:65,3
DA:74,24
DA:84,3
DA:87,5
DA:88,5
DA:97,5
DA:98,5
DA:99,3
DA:102,2
DA:107,1
LF:37
LH:30
BRDA:42,0,0,3
BRDA:42,0,1,2
BRDA:42,1,0,5
BRDA:42,1,1,4
BRDA:42,1,2,4
BRDA:46,2,0,1
BRDA:46,2,1,0
BRDA:46,2,2,0
BRDA:46,2,3,0
BRDA:46,2,4,1
BRDA:46,2,5,1
BRDA:87,3,0,5
BRDA:87,3,1,0
BRDA:87,4,0,5
BRDA:87,4,1,5
BRDA:87,4,2,5
BRDA:92,5,0,0
BRDA:92,5,1,4
BRDA:92,6,0,2
BRDA:92,6,1,2
BRDA:98,7,0,3
BRDA:98,7,1,2
BRF:22
BRH:17
end_of_record
TN:
SF:src\libs\qqmap-wx-jssdk.js
FN:37,(anonymous_0)
FN:42,(anonymous_1)
FN:45,(anonymous_2)
FN:48,(anonymous_3)
FN:51,(anonymous_4)
FN:54,(anonymous_5)
FN:57,(anonymous_6)
FN:60,(anonymous_7)
FN:156,(anonymous_8)
FN:165,(anonymous_9)
FN:178,(anonymous_10)
FN:181,(anonymous_11)
FN:198,(anonymous_12)
FN:209,(anonymous_13)
FN:212,(anonymous_14)
FN:215,(anonymous_15)
FN:218,(anonymous_16)
FN:221,(anonymous_17)
FN:225,(anonymous_18)
FN:244,(anonymous_19)
FN:247,(anonymous_20)
FN:281,(anonymous_21)
FN:304,(anonymous_22)
FN:311,(anonymous_23)
FN:329,(anonymous_24)
FN:342,(anonymous_25)
FN:354,(anonymous_26)
FN:372,(anonymous_27)
FN:373,(anonymous_28)
FN:374,(anonymous_29)
FN:375,(anonymous_30)
FN:384,(anonymous_31)
FN:399,(anonymous_32)
FN:408,(anonymous_33)
FN:424,(anonymous_34)
FN:446,(anonymous_35)
FN:591,(anonymous_36)
FN:595,(anonymous_37)
FN:603,(anonymous_38)
FN:607,(anonymous_39)
FN:635,(anonymous_40)
FN:637,(anonymous_41)
FN:641,(anonymous_42)
FN:663,(anonymous_43)
FN:678,(anonymous_44)
FN:720,(anonymous_45)
FN:755,(anonymous_46)
FN:785,(anonymous_47)
FN:815,(anonymous_48)
FN:829,(anonymous_49)
FN:850,(anonymous_50)
FN:889,(anonymous_51)
FN:916,(anonymous_52)
FN:953,(anonymous_53)
FN:975,(anonymous_54)
FN:1011,(anonymous_55)
FN:1034,(anonymous_56)
FN:1108,(anonymous_57)
FNF:58
FNH:0
FNDA:0,(anonymous_0)
FNDA:0,(anonymous_1)
FNDA:0,(anonymous_2)
FNDA:0,(anonymous_3)
FNDA:0,(anonymous_4)
FNDA:0,(anonymous_5)
FNDA:0,(anonymous_6)
FNDA:0,(anonymous_7)
FNDA:0,(anonymous_8)
FNDA:0,(anonymous_9)
FNDA:0,(anonymous_10)
FNDA:0,(anonymous_11)
FNDA:0,(anonymous_12)
FNDA:0,(anonymous_13)
FNDA:0,(anonymous_14)
FNDA:0,(anonymous_15)
FNDA:0,(anonymous_16)
FNDA:0,(anonymous_17)
FNDA:0,(anonymous_18)
FNDA:0,(anonymous_19)
FNDA:0,(anonymous_20)
FNDA:0,(anonymous_21)
FNDA:0,(anonymous_22)
FNDA:0,(anonymous_23)
FNDA:0,(anonymous_24)
FNDA:0,(anonymous_25)
FNDA:0,(anonymous_26)
FNDA:0,(anonymous_27)
FNDA:0,(anonymous_28)
FNDA:0,(anonymous_29)
FNDA:0,(anonymous_30)
FNDA:0,(anonymous_31)
FNDA:0,(anonymous_32)
FNDA:0,(anonymous_33)
FNDA:0,(anonymous_34)
FNDA:0,(anonymous_35)
FNDA:0,(anonymous_36)
FNDA:0,(anonymous_37)
FNDA:0,(anonymous_38)
FNDA:0,(anonymous_39)
FNDA:0,(anonymous_40)
FNDA:0,(anonymous_41)
FNDA:0,(anonymous_42)
FNDA:0,(anonymous_43)
FNDA:0,(anonymous_44)
FNDA:0,(anonymous_45)
FNDA:0,(anonymous_46)
FNDA:0,(anonymous_47)
FNDA:0,(anonymous_48)
FNDA:0,(anonymous_49)
FNDA:0,(anonymous_50)
FNDA:0,(anonymous_51)
FNDA:0,(anonymous_52)
FNDA:0,(anonymous_53)
FNDA:0,(anonymous_54)
FNDA:0,(anonymous_55)
FNDA:0,(anonymous_56)
FNDA:0,(anonymous_57)
DA:9,1
DA:19,1
DA:20,1
DA:21,1
DA:22,1
DA:23,1
DA:24,1
DA:25,1
DA:26,1
DA:27,1
DA:31,1
DA:32,1
DA:38,0
DA:39,0
DA:40,0
DA:43,0
DA:46,0
DA:49,0
DA:52,0
DA:55,0
DA:58,0
DA:62,0
DA:63,0
DA:70,0
DA:71,0
DA:72,0
DA:73,0
DA:75,0
DA:76,0
DA:77,0
DA:78,0
DA:79,0
DA:81,0
DA:82,0
DA:83,0
DA:84,0
DA:85,0
DA:86,0
DA:87,0
DA:88,0
DA:89,0
DA:90,0
DA:91,0
DA:92,0
DA:93,0
DA:94,0
DA:95,0
DA:96,0
DA:98,0
DA:99,0
DA:100,0
DA:101,0
DA:102,0
DA:103,0
DA:104,0
DA:105,0
DA:106,0
DA:107,0
DA:108,0
DA:109,0
DA:110,0
DA:111,0
DA:112,0
DA:113,0
DA:115,0
DA:116,0
DA:117,0
DA:118,0
DA:119,0
DA:120,0
DA:121,0
DA:122,0
DA:123,0
DA:124,0
DA:125,0
DA:126,0
DA:127,0
DA:128,0
DA:129,0
DA:130,0
DA:132,0
DA:133,0
DA:134,0
DA:135,0
DA:136,0
DA:137,0
DA:138,0
DA:139,0
DA:140,0
DA:141,0
DA:142,0
DA:143,0
DA:144,0
DA:145,0
DA:146,0
DA:147,0
DA:149,0
DA:150,0
DA:151,0
DA:152,0
DA:154,0
DA:158,0
DA:159,0
DA:160,0
DA:161,0
DA:163,0
DA:167,0
DA:168,0
DA:169,0
DA:170,0
DA:172,0
DA:173,0
DA:174,0
DA:176,0
DA:179,0
DA:183,0
DA:184,0
DA:185,0
DA:187,0
DA:188,0
DA:189,0
DA:191,0
DA:192,0
DA:193,0
DA:195,0
DA:196,0
DA:199,0
DA:200,0
DA:203,0
DA:204,0
DA:205,0
DA:207,0
DA:210,0
DA:213,0
DA:216,0
DA:219,0
DA:222,0
DA:226,0
DA:227,0
DA:228,0
DA:230,0
DA:232,0
DA:233,0
DA:235,0
DA:245,0
DA:246,0
DA:247,0
DA:248,0
DA:250,0
DA:251,0
DA:253,0
DA:254,0
DA:256,0
DA:257,0
DA:259,0
DA:260,0
DA:262,0
DA:263,0
DA:265,0
DA:266,0
DA:268,0
DA:269,0
DA:271,0
DA:272,0
DA:274,0
DA:275,0
DA:282,0
DA:283,0
DA:285,0
DA:286,0
DA:287,0
DA:288,0
DA:289,0
DA:291,0
DA:292,0
DA:294,0
DA:295,0
DA:298,0
DA:305,0
DA:312,0
DA:313,0
DA:314,0
DA:315,0
DA:320,0
DA:330,0
DA:331,0
DA:332,0
DA:333,0
DA:334,0
DA:335,0
DA:336,0
DA:337,0
DA:343,0
DA:355,0
DA:356,0
DA:357,0
DA:358,0
DA:363,0
DA:366,0
DA:373,0
DA:374,0
DA:375,0
DA:385,0
DA:386,0
DA:387,0
DA:388,0
DA:389,0
DA:391,0
DA:400,0
DA:409,0
DA:410,0
DA:411,0
DA:412,0
DA:413,0
DA:414,0
DA:416,0
DA:425,0
DA:447,0
DA:448,0
DA:449,0
DA:450,0
DA:451,0
DA:465,0
DA:469,0
DA:470,0
DA:471,0
DA:472,0
DA:473,0
DA:487,0
DA:491,0
DA:492,0
DA:493,0
DA:507,0
DA:508,0
DA:509,0
DA:510,0
DA:511,0
DA:524,0
DA:531,0
DA:536,0
DA:537,0
DA:538,0
DA:550,0
DA:554,0
DA:555,0
DA:556,0
DA:557,0
DA:558,0
DA:563,0
DA:564,0
DA:565,0
DA:566,0
DA:567,0
DA:568,0
DA:569,0
DA:570,0
DA:572,0
DA:576,0
DA:577,0
DA:578,0
DA:580,0
DA:592,0
DA:593,0
DA:594,0
DA:595,0
DA:596,0
DA:597,0
DA:598,0
DA:600,0
DA:603,0
DA:604,0
DA:605,0
DA:607,0
DA:608,0
DA:609,0
DA:611,0
DA:612,0
DA:615,0
DA:616,0
DA:617,0
DA:619,0
DA:621,0
DA:624,0
DA:629,0
DA:636,0
DA:637,0
DA:638,0
DA:639,0
DA:641,0
DA:642,0
DA:643,0
DA:646,0
DA:647,0
DA:648,0
DA:649,0
DA:650,0
DA:664,0
DA:665,0
DA:667,0
DA:679,0
DA:680,0
DA:682,0
DA:684,0
DA:685,0
DA:688,0
DA:697,0
DA:698,0
DA:701,0
DA:702,0
DA:705,0
DA:706,0
DA:707,0
DA:708,0
DA:711,0
DA:712,0
DA:716,0
DA:717,0
DA:720,0
DA:721,0
DA:723,0
DA:724,0
DA:725,0
DA:727,0
DA:729,0
DA:730,0
DA:731,0
DA:734,0
DA:735,0
DA:736,0
DA:739,0
DA:744,0
DA:756,0
DA:757,0
DA:758,0
DA:760,0
DA:761,0
DA:764,0
DA:776,0
DA:777,0
DA:780,0
DA:781,0
DA:784,0
DA:785,0
DA:786,0
DA:787,0
DA:788,0
DA:790,0
DA:795,0
DA:797,0
DA:798,0
DA:800,0
DA:816,0
DA:817,0
DA:818,0
DA:819,0
DA:825,0
DA:826,0
DA:829,0
DA:830,0
DA:831,0
DA:832,0
DA:834,0
DA:839,0
DA:851,0
DA:852,0
DA:853,0
DA:855,0
DA:856,0
DA:859,0
DA:866,0
DA:867,0
DA:870,0
DA:871,0
DA:874,0
DA:890,0
DA:891,0
DA:892,0
DA:893,0
DA:898,0
DA:899,0
DA:902,0
DA:917,0
DA:918,0
DA:919,0
DA:921,0
DA:922,0
DA:925,0
DA:931,0
DA:932,0
DA:935,0
DA:954,0
DA:955,0
DA:956,0
DA:958,0
DA:959,0
DA:962,0
DA:969,0
DA:970,0
DA:974,0
DA:975,0
DA:976,0
DA:977,0
DA:984,0
DA:985,0
DA:998,0
DA:999,0
DA:1000,0
DA:1001,0
DA:1003,0
DA:1009,0
DA:1011,0
DA:1012,0
DA:1013,0
DA:1014,0
DA:1016,0
DA:1022,0
DA:1035,0
DA:1036,0
DA:1037,0
DA:1039,0
DA:1040,0
DA:1043,0
DA:1049,0
DA:1050,0
DA:1052,0
DA:1055,0
DA:1057,0
DA:1060,0
DA:1062,0
DA:1063,0
DA:1066,0
DA:1067,0
DA:1068,0
DA:1070,0
DA:1071,0
DA:1073,0
DA:1074,0
DA:1076,0
DA:1077,0
DA:1079,0
DA:1080,0
DA:1082,0
DA:1083,0
DA:1085,0
DA:1086,0
DA:1088,0
DA:1089,0
DA:1091,0
DA:1092,0
DA:1094,0
DA:1095,0
DA:1099,0
DA:1100,0
DA:1101,0
DA:1103,0
DA:1104,0
DA:1108,0
DA:1109,0
DA:1110,0
DA:1111,0
DA:1113,0
DA:1119,0
DA:1123,1
LF:463
LH:13
BRDA:188,0,0,0
BRDA:188,0,1,0
BRDA:226,1,0,0
BRDA:226,1,1,0
BRDA:227,2,0,0
BRDA:227,2,1,0
BRDA:232,3,0,0
BRDA:232,3,1,0
BRDA:250,4,0,0
BRDA:250,4,1,0
BRDA:253,5,0,0
BRDA:253,5,1,0
BRDA:256,6,0,0
BRDA:256,6,1,0
BRDA:259,7,0,0
BRDA:259,7,1,0
BRDA:262,8,0,0
BRDA:262,8,1,0
BRDA:265,9,0,0
BRDA:265,9,1,0
BRDA:268,10,0,0
BRDA:268,10,1,0
BRDA:271,11,0,0
BRDA:271,11,1,0
BRDA:282,12,0,0
BRDA:282,12,1,0
BRDA:288,13,0,0
BRDA:288,13,1,0
BRDA:291,14,0,0
BRDA:291,14,1,0
BRDA:294,15,0,0
BRDA:294,15,1,0
BRDA:294,16,0,0
BRDA:294,16,1,0
BRDA:355,17,0,0
BRDA:355,17,1,0
BRDA:357,18,0,0
BRDA:357,18,1,0
BRDA:373,19,0,0
BRDA:373,19,1,0
BRDA:374,20,0,0
BRDA:374,20,1,0
BRDA:375,21,0,0
BRDA:375,21,1,0
BRDA:385,22,0,0
BRDA:385,22,1,0
BRDA:410,23,0,0
BRDA:410,23,1,0
BRDA:410,24,0,0
BRDA:410,24,1,0
BRDA:410,24,2,0
BRDA:447,25,0,0
BRDA:447,25,1,0
BRDA:452,26,0,0
BRDA:452,26,1,0
BRDA:453,27,0,0
BRDA:453,27,1,0
BRDA:454,28,0,0
BRDA:454,28,1,0
BRDA:454,28,2,0
BRDA:455,29,0,0
BRDA:455,29,1,0
BRDA:455,29,2,0
BRDA:456,30,0,0
BRDA:456,30,1,0
BRDA:457,31,0,0
BRDA:457,31,1,0
BRDA:458,32,0,0
BRDA:458,32,1,0
BRDA:459,33,0,0
BRDA:459,33,1,0
BRDA:459,33,2,0
BRDA:460,34,0,0
BRDA:460,34,1,0
BRDA:460,34,2,0
BRDA:461,35,0,0
BRDA:461,35,1,0
BRDA:461,35,2,0
BRDA:462,36,0,0
BRDA:462,36,1,0
BRDA:462,36,2,0
BRDA:469,37,0,0
BRDA:469,37,1,0
BRDA:474,38,0,0
BRDA:474,38,1,0
BRDA:475,39,0,0
BRDA:475,39,1,0
BRDA:476,40,0,0
BRDA:476,40,1,0
BRDA:477,41,0,0
BRDA:477,41,1,0
BRDA:478,42,0,0
BRDA:478,42,1,0
BRDA:479,43,0,0
BRDA:479,43,1,0
BRDA:480,44,0,0
BRDA:480,44,1,0
BRDA:480,44,2,0
BRDA:481,45,0,0
BRDA:481,45,1,0
BRDA:481,45,2,0
BRDA:482,46,0,0
BRDA:482,46,1,0
BRDA:483,47,0,0
BRDA:483,47,1,0
BRDA:484,48,0,0
BRDA:484,48,1,0
BRDA:491,49,0,0
BRDA:491,49,1,0
BRDA:494,50,0,0
BRDA:494,50,1,0
BRDA:495,51,0,0
BRDA:495,51,1,0
BRDA:495,51,2,0
BRDA:496,52,0,0
BRDA:496,52,1,0
BRDA:496,52,2,0
BRDA:497,53,0,0
BRDA:497,53,1,0
BRDA:497,53,2,0
BRDA:498,54,0,0
BRDA:498,54,1,0
BRDA:498,54,2,0
BRDA:499,55,0,0
BRDA:499,55,1,0
BRDA:499,55,2,0
BRDA:500,56,0,0
BRDA:500,56,1,0
BRDA:500,56,2,0
BRDA:501,57,0,0
BRDA:501,57,1,0
BRDA:501,57,2,0
BRDA:502,58,0,0
BRDA:502,58,1,0
BRDA:502,58,2,0
BRDA:503,59,0,0
BRDA:503,59,1,0
BRDA:503,59,2,0
BRDA:504,60,0,0
BRDA:504,60,1,0
BRDA:504,60,2,0
BRDA:505,61,0,0
BRDA:505,61,1,0
BRDA:505,61,2,0
BRDA:507,62,0,0
BRDA:507,62,1,0
BRDA:512,63,0,0
BRDA:512,63,1,0
BRDA:513,64,0,0
BRDA:513,64,1,0
BRDA:514,65,0,0
BRDA:514,65,1,0
BRDA:514,65,2,0
BRDA:515,66,0,0
BRDA:515,66,1,0
BRDA:515,66,2,0
BRDA:516,67,0,0
BRDA:516,67,1,0
BRDA:517,68,0,0
BRDA:517,68,1,0
BRDA:518,69,0,0
BRDA:518,69,1,0
BRDA:518,69,2,0
BRDA:519,70,0,0
BRDA:519,70,1,0
BRDA:519,70,2,0
BRDA:520,71,0,0
BRDA:520,71,1,0
BRDA:520,71,2,0
BRDA:521,72,0,0
BRDA:521,72,1,0
BRDA:521,72,2,0
BRDA:536,73,0,0
BRDA:536,73,1,0
BRDA:539,74,0,0
BRDA:539,74,1,0
BRDA:540,75,0,0
BRDA:540,75,1,0
BRDA:540,75,2,0
BRDA:541,76,0,0
BRDA:541,76,1,0
BRDA:541,76,2,0
BRDA:542,77,0,0
BRDA:542,77,1,0
BRDA:542,77,2,0
BRDA:543,78,0,0
BRDA:543,78,1,0
BRDA:543,78,2,0
BRDA:544,79,0,0
BRDA:544,79,1,0
BRDA:544,79,2,0
BRDA:545,80,0,0
BRDA:545,80,1,0
BRDA:545,80,2,0
BRDA:546,81,0,0
BRDA:546,81,1,0
BRDA:546,81,2,0
BRDA:547,82,0,0
BRDA:547,82,1,0
BRDA:547,82,2,0
BRDA:548,83,0,0
BRDA:548,83,1,0
BRDA:554,84,0,0
BRDA:554,84,1,0
BRDA:563,85,0,0
BRDA:563,85,1,0
BRDA:566,86,0,0
BRDA:566,86,1,0
BRDA:576,87,0,0
BRDA:576,87,1,0
BRDA:597,88,0,0
BRDA:597,88,1,0
BRDA:609,89,0,0
BRDA:609,89,1,0
BRDA:609,89,2,0
BRDA:616,90,0,0
BRDA:616,90,1,0
BRDA:637,91,0,0
BRDA:637,91,1,0
BRDA:641,92,0,0
BRDA:641,92,1,0
BRDA:642,93,0,0
BRDA:642,93,1,0
BRDA:646,94,0,0
BRDA:646,94,1,0
BRDA:648,95,0,0
BRDA:648,95,1,0
BRDA:664,96,0,0
BRDA:664,96,1,0
BRDA:680,97,0,0
BRDA:680,97,1,0
BRDA:684,98,0,0
BRDA:684,98,1,0
BRDA:690,99,0,0
BRDA:690,99,1,0
BRDA:691,100,0,0
BRDA:691,100,1,0
BRDA:692,101,0,0
BRDA:692,101,1,0
BRDA:697,102,0,0
BRDA:697,102,1,0
BRDA:701,103,0,0
BRDA:701,103,1,0
BRDA:705,104,0,0
BRDA:705,104,1,0
BRDA:706,105,0,0
BRDA:706,105,1,0
BRDA:711,106,0,0
BRDA:711,106,1,0
BRDA:716,107,0,0
BRDA:716,107,1,0
BRDA:721,108,0,0
BRDA:721,108,1,0
BRDA:721,109,0,0
BRDA:721,109,1,0
BRDA:724,110,0,0
BRDA:724,110,1,0
BRDA:727,111,0,0
BRDA:727,111,1,0
BRDA:727,112,0,0
BRDA:727,112,1,0
BRDA:730,113,0,0
BRDA:730,113,1,0
BRDA:735,114,0,0
BRDA:735,114,1,0
BRDA:757,115,0,0
BRDA:757,115,1,0
BRDA:760,116,0,0
BRDA:760,116,1,0
BRDA:766,117,0,0
BRDA:766,117,1,0
BRDA:767,118,0,0
BRDA:767,118,1,0
BRDA:768,119,0,0
BRDA:768,119,1,0
BRDA:769,120,0,0
BRDA:769,120,1,0
BRDA:770,121,0,0
BRDA:770,121,1,0
BRDA:771,122,0,0
BRDA:771,122,1,0
BRDA:776,123,0,0
BRDA:776,123,1,0
BRDA:780,124,0,0
BRDA:780,124,1,0
BRDA:784,125,0,0
BRDA:784,125,1,0
BRDA:787,126,0,0
BRDA:787,126,1,0
BRDA:797,127,0,0
BRDA:797,127,1,0
BRDA:817,128,0,0
BRDA:817,128,1,0
BRDA:820,129,0,0
BRDA:820,129,1,0
BRDA:821,130,0,0
BRDA:821,130,1,0
BRDA:825,131,0,0
BRDA:825,131,1,0
BRDA:831,132,0,0
BRDA:831,132,1,0
BRDA:852,133,0,0
BRDA:852,133,1,0
BRDA:855,134,0,0
BRDA:855,134,1,0
BRDA:866,135,0,0
BRDA:866,135,1,0
BRDA:870,136,0,0
BRDA:870,136,1,0
BRDA:891,137,0,0
BRDA:891,137,1,0
BRDA:898,138,0,0
BRDA:898,138,1,0
BRDA:918,139,0,0
BRDA:918,139,1,0
BRDA:921,140,0,0
BRDA:921,140,1,0
BRDA:926,141,0,0
BRDA:926,141,1,0
BRDA:931,142,0,0
BRDA:931,142,1,0
BRDA:955,143,0,0
BRDA:955,143,1,0
BRDA:958,144,0,0
BRDA:958,144,1,0
BRDA:963,145,0,0
BRDA:963,145,1,0
BRDA:969,146,0,0
BRDA:969,146,1,0
BRDA:974,147,0,0
BRDA:974,147,1,0
BRDA:1013,148,0,0
BRDA:1013,148,1,0
BRDA:1036,149,0,0
BRDA:1036,149,1,0
BRDA:1039,150,0,0
BRDA:1039,150,1,0
BRDA:1049,151,0,0
BRDA:1049,151,1,0
BRDA:1057,152,0,0
BRDA:1057,152,1,0
BRDA:1062,153,0,0
BRDA:1062,153,1,0
BRDA:1066,154,0,0
BRDA:1066,154,1,0
BRDA:1067,155,0,0
BRDA:1067,155,1,0
BRDA:1070,156,0,0
BRDA:1070,156,1,0
BRDA:1073,157,0,0
BRDA:1073,157,1,0
BRDA:1076,158,0,0
BRDA:1076,158,1,0
BRDA:1079,159,0,0
BRDA:1079,159,1,0
BRDA:1082,160,0,0
BRDA:1082,160,1,0
BRDA:1085,161,0,0
BRDA:1085,161,1,0
BRDA:1088,162,0,0
BRDA:1088,162,1,0
BRDA:1091,163,0,0
BRDA:1091,163,1,0
BRDA:1094,164,0,0
BRDA:1094,164,1,0
BRDA:1099,165,0,0
BRDA:1099,165,1,0
BRDA:1100,166,0,0
BRDA:1100,166,1,0
BRDA:1103,167,0,0
BRDA:1103,167,1,0
BRDA:1110,168,0,0
BRDA:1110,168,1,0
BRF:373
BRH:0
end_of_record
TN:
SF:src\mock\api.ts
FN:114,photosRequest
FN:118,(anonymous_1)
FN:119,(anonymous_2)
FN:124,waybillRequest
FN:145,loginRequest
FN:164,request
FN:165,(anonymous_6)
FN:166,(anonymous_7)
FNF:8
FNH:8
FNDA:5,photosRequest
FNDA:70,(anonymous_1)
FNDA:4,(anonymous_2)
FNDA:10,waybillRequest
FNDA:9,loginRequest
FNDA:24,request
FNDA:24,(anonymous_6)
FNDA:24,(anonymous_7)
DA:9,3
DA:18,3
DA:97,3
DA:115,5
DA:116,5
DA:118,70
DA:119,4
DA:121,5
DA:125,10
DA:126,10
DA:127,10
DA:128,10
DA:129,10
DA:131,10
DA:132,2
DA:133,2
DA:134,8
DA:135,2
DA:136,2
DA:137,6
DA:138,2
DA:139,2
DA:140,4
DA:141,2
DA:143,10
DA:146,9
DA:151,9
DA:153,9
DA:154,2
DA:155,2
DA:156,2
DA:157,7
DA:159,2
DA:161,9
DA:165,24
DA:166,24
DA:167,24
DA:175,24
DA:176,20
DA:178,4
DA:179,4
DA:180,4
DA:181,4
DA:186,3
LF:44
LH:44
BRDA:131,0,0,2
BRDA:131,0,1,8
BRDA:134,1,0,2
BRDA:134,1,1,6
BRDA:137,2,0,2
BRDA:137,2,1,4
BRDA:140,3,0,2
BRDA:140,3,1,2
BRDA:153,4,0,2
BRDA:153,4,1,7
BRDA:153,5,0,9
BRDA:153,5,1,4
BRDA:157,6,0,2
BRDA:157,6,1,5
BRDA:175,7,0,20
BRDA:175,7,1,4
BRF:16
BRH:16
end_of_record
